2016-12-12 01:51:10.434  INFO 3434 --- [main] com.sonetel.Application                  : Starting Application on L-Antariksh-tech with PID 3434 (/home/antariksh/Desktop/REST/sonetel-project-audio/target/classes started by antariksh in /home/antariksh/Desktop/REST/sonetel-project-audio)
2016-12-12 01:51:10.437  INFO 3434 --- [main] com.sonetel.Application                  : No active profile set, falling back to default profiles: default
2016-12-12 01:51:10.543  INFO 3434 --- [main] ationConfigEmbeddedWebApplicationContext : Refreshing org.springframework.boot.context.embedded.AnnotationConfigEmbeddedWebApplicationContext@7ff2a664: startup date [Mon Dec 12 01:51:10 IST 2016]; root of context hierarchy
2016-12-12 01:51:11.399  INFO 3434 --- [main] o.s.b.f.s.DefaultListableBeanFactory     : Overriding bean definition for bean 'beanNameViewResolver' with a different definition: replacing [Root bean: class [null]; scope=; abstract=false; lazyInit=false; autowireMode=3; dependencyCheck=0; autowireCandidate=true; primary=false; factoryBeanName=org.springframework.boot.autoconfigure.web.ErrorMvcAutoConfiguration$WhitelabelErrorViewConfiguration; factoryMethodName=beanNameViewResolver; initMethodName=null; destroyMethodName=(inferred); defined in class path resource [org/springframework/boot/autoconfigure/web/ErrorMvcAutoConfiguration$WhitelabelErrorViewConfiguration.class]] with [Root bean: class [null]; scope=; abstract=false; lazyInit=false; autowireMode=3; dependencyCheck=0; autowireCandidate=true; primary=false; factoryBeanName=org.springframework.boot.autoconfigure.web.WebMvcAutoConfiguration$WebMvcAutoConfigurationAdapter; factoryMethodName=beanNameViewResolver; initMethodName=null; destroyMethodName=(inferred); defined in class path resource [org/springframework/boot/autoconfigure/web/WebMvcAutoConfiguration$WebMvcAutoConfigurationAdapter.class]]
2016-12-12 01:51:12.067  INFO 3434 --- [main] s.b.c.e.t.TomcatEmbeddedServletContainer : Tomcat initialized with port(s): 9191 (http)
2016-12-12 01:51:12.079  INFO 3434 --- [main] o.apache.catalina.core.StandardService   : Starting service Tomcat
2016-12-12 01:51:12.081  INFO 3434 --- [main] org.apache.catalina.core.StandardEngine  : Starting Servlet Engine: Apache Tomcat/8.0.30
2016-12-12 01:51:12.205  INFO 3434 --- [localhost-startStop-1] o.a.c.c.C.[Tomcat].[localhost].[/]       : Initializing Spring embedded WebApplicationContext
2016-12-12 01:51:12.206  INFO 3434 --- [localhost-startStop-1] o.s.web.context.ContextLoader            : Root WebApplicationContext: initialization completed in 1672 ms
2016-12-12 01:51:12.602  INFO 3434 --- [localhost-startStop-1] o.s.b.c.e.ServletRegistrationBean        : Mapping servlet: 'dispatcherServlet' to [/]
2016-12-12 01:51:12.607  INFO 3434 --- [localhost-startStop-1] o.s.b.c.embedded.FilterRegistrationBean  : Mapping filter: 'characterEncodingFilter' to: [/*]
2016-12-12 01:51:12.608  INFO 3434 --- [localhost-startStop-1] o.s.b.c.embedded.FilterRegistrationBean  : Mapping filter: 'hiddenHttpMethodFilter' to: [/*]
2016-12-12 01:51:12.608  INFO 3434 --- [localhost-startStop-1] o.s.b.c.embedded.FilterRegistrationBean  : Mapping filter: 'httpPutFormContentFilter' to: [/*]
2016-12-12 01:51:12.609  INFO 3434 --- [localhost-startStop-1] o.s.b.c.embedded.FilterRegistrationBean  : Mapping filter: 'requestContextFilter' to: [/*]
2016-12-12 01:51:12.857  INFO 3434 --- [main] s.w.s.m.m.a.RequestMappingHandlerAdapter : Looking for @ControllerAdvice: org.springframework.boot.context.embedded.AnnotationConfigEmbeddedWebApplicationContext@7ff2a664: startup date [Mon Dec 12 01:51:10 IST 2016]; root of context hierarchy
2016-12-12 01:51:12.943  INFO 3434 --- [main] s.w.s.m.m.a.RequestMappingHandlerMapping : Mapped "{[/hello],methods=[GET]}" onto public java.lang.String com.sonetel.controller.AudioController.Hello()
2016-12-12 01:51:12.945  INFO 3434 --- [main] s.w.s.m.m.a.RequestMappingHandlerMapping : Mapped "{[/uploadAudioFile],methods=[POST]}" onto public com.sonetel.entity.ResponseObject com.sonetel.controller.AudioController.uploadAudio(org.springframework.web.multipart.MultipartFile) throws java.io.IOException
2016-12-12 01:51:12.946  INFO 3434 --- [main] s.w.s.m.m.a.RequestMappingHandlerMapping : Mapped "{[/downloadAudioFile/{id}],methods=[GET]}" onto public com.sonetel.entity.ResponseObject com.sonetel.controller.AudioController.uploadAudio(javax.servlet.http.HttpServletResponse,java.lang.String) throws java.io.IOException
2016-12-12 01:51:12.946  INFO 3434 --- [main] s.w.s.m.m.a.RequestMappingHandlerMapping : Mapped "{[/dir],methods=[GET]}" onto public java.util.Map<java.lang.Long, java.lang.String> com.sonetel.controller.AudioController.getDirectory()
2016-12-12 01:51:12.949  INFO 3434 --- [main] s.w.s.m.m.a.RequestMappingHandlerMapping : Mapped "{[/error],produces=[text/html]}" onto public org.springframework.web.servlet.ModelAndView org.springframework.boot.autoconfigure.web.BasicErrorController.errorHtml(javax.servlet.http.HttpServletRequest,javax.servlet.http.HttpServletResponse)
2016-12-12 01:51:12.950  INFO 3434 --- [main] s.w.s.m.m.a.RequestMappingHandlerMapping : Mapped "{[/error]}" onto public org.springframework.http.ResponseEntity<java.util.Map<java.lang.String, java.lang.Object>> org.springframework.boot.autoconfigure.web.BasicErrorController.error(javax.servlet.http.HttpServletRequest)
2016-12-12 01:51:12.977  INFO 3434 --- [main] o.s.w.s.handler.SimpleUrlHandlerMapping  : Mapped URL path [/webjars/**] onto handler of type [class org.springframework.web.servlet.resource.ResourceHttpRequestHandler]
2016-12-12 01:51:12.977  INFO 3434 --- [main] o.s.w.s.handler.SimpleUrlHandlerMapping  : Mapped URL path [/**] onto handler of type [class org.springframework.web.servlet.resource.ResourceHttpRequestHandler]
2016-12-12 01:51:12.997  INFO 3434 --- [main] .m.m.a.ExceptionHandlerExceptionResolver : Detected @ExceptionHandler methods in globalExceptionHandler
2016-12-12 01:51:13.028  INFO 3434 --- [main] o.s.w.s.handler.SimpleUrlHandlerMapping  : Mapped URL path [/**/favicon.ico] onto handler of type [class org.springframework.web.servlet.resource.ResourceHttpRequestHandler]
2016-12-12 01:51:13.177  INFO 3434 --- [main] o.s.j.e.a.AnnotationMBeanExporter        : Registering beans for JMX exposure on startup
2016-12-12 01:51:13.236  INFO 3434 --- [main] s.b.c.e.t.TomcatEmbeddedServletContainer : Tomcat started on port(s): 9191 (http)
2016-12-12 01:51:13.240  INFO 3434 --- [main] com.sonetel.Application                  : Started Application in 3.249 seconds (JVM running for 3.823)
2016-12-12 01:51:20.884  INFO 3434 --- [http-nio-9191-exec-1] o.a.c.c.C.[Tomcat].[localhost].[/]       : Initializing Spring FrameworkServlet 'dispatcherServlet'
2016-12-12 01:51:20.884  INFO 3434 --- [http-nio-9191-exec-1] o.s.web.servlet.DispatcherServlet        : FrameworkServlet 'dispatcherServlet': initialization started
2016-12-12 01:51:20.896  INFO 3434 --- [http-nio-9191-exec-1] o.s.web.servlet.DispatcherServlet        : FrameworkServlet 'dispatcherServlet': initialization completed in 12 ms
2016-12-12 01:51:21.065  INFO 3434 --- [http-nio-9191-exec-1] com.sonetel.controller.AudioController   : uploadAudioFile Request
2016-12-12 01:51:21.067  INFO 3434 --- [http-nio-9191-exec-1] com.sonetel.service.AudioServiceImpl     : File Content Type:audio/mp3
2016-12-12 01:51:27.149  INFO 3434 --- [http-nio-9191-exec-2] com.sonetel.controller.AudioController   : uploadAudioFile Request
2016-12-12 01:51:27.149  INFO 3434 --- [http-nio-9191-exec-2] com.sonetel.service.AudioServiceImpl     : File Content Type:audio/mp3
2016-12-12 01:51:33.901  INFO 3434 --- [http-nio-9191-exec-3] com.sonetel.controller.AudioController   : uploadAudioFile Request
2016-12-12 01:51:33.902  INFO 3434 --- [http-nio-9191-exec-3] com.sonetel.service.AudioServiceImpl     : File Content Type:audio/mp3
2016-12-12 01:53:45.904  INFO 3434 --- [RMI TCP Connection(9)-127.0.0.1] inMXBeanRegistrar$SpringApplicationAdmin : Application shutdown requested.
2016-12-12 01:53:45.905  INFO 3434 --- [RMI TCP Connection(9)-127.0.0.1] ationConfigEmbeddedWebApplicationContext : Closing org.springframework.boot.context.embedded.AnnotationConfigEmbeddedWebApplicationContext@7ff2a664: startup date [Mon Dec 12 01:51:10 IST 2016]; root of context hierarchy
2016-12-12 01:53:45.908  INFO 3434 --- [RMI TCP Connection(9)-127.0.0.1] o.s.j.e.a.AnnotationMBeanExporter        : Unregistering JMX-exposed beans on shutdown
2016-12-12 01:53:47.421  INFO 3652 --- [main] com.sonetel.Application                  : Starting Application on L-Antariksh-tech with PID 3652 (/home/antariksh/Desktop/REST/sonetel-project-audio/target/classes started by antariksh in /home/antariksh/Desktop/REST/sonetel-project-audio)
2016-12-12 01:53:47.425  INFO 3652 --- [main] com.sonetel.Application                  : No active profile set, falling back to default profiles: default
2016-12-12 01:53:47.541  INFO 3652 --- [main] ationConfigEmbeddedWebApplicationContext : Refreshing org.springframework.boot.context.embedded.AnnotationConfigEmbeddedWebApplicationContext@7ff2a664: startup date [Mon Dec 12 01:53:47 IST 2016]; root of context hierarchy
2016-12-12 01:53:48.374  INFO 3652 --- [main] o.s.b.f.s.DefaultListableBeanFactory     : Overriding bean definition for bean 'beanNameViewResolver' with a different definition: replacing [Root bean: class [null]; scope=; abstract=false; lazyInit=false; autowireMode=3; dependencyCheck=0; autowireCandidate=true; primary=false; factoryBeanName=org.springframework.boot.autoconfigure.web.ErrorMvcAutoConfiguration$WhitelabelErrorViewConfiguration; factoryMethodName=beanNameViewResolver; initMethodName=null; destroyMethodName=(inferred); defined in class path resource [org/springframework/boot/autoconfigure/web/ErrorMvcAutoConfiguration$WhitelabelErrorViewConfiguration.class]] with [Root bean: class [null]; scope=; abstract=false; lazyInit=false; autowireMode=3; dependencyCheck=0; autowireCandidate=true; primary=false; factoryBeanName=org.springframework.boot.autoconfigure.web.WebMvcAutoConfiguration$WebMvcAutoConfigurationAdapter; factoryMethodName=beanNameViewResolver; initMethodName=null; destroyMethodName=(inferred); defined in class path resource [org/springframework/boot/autoconfigure/web/WebMvcAutoConfiguration$WebMvcAutoConfigurationAdapter.class]]
2016-12-12 01:53:49.119  INFO 3652 --- [main] s.b.c.e.t.TomcatEmbeddedServletContainer : Tomcat initialized with port(s): 9191 (http)
2016-12-12 01:53:49.136  INFO 3652 --- [main] o.apache.catalina.core.StandardService   : Starting service Tomcat
2016-12-12 01:53:49.138  INFO 3652 --- [main] org.apache.catalina.core.StandardEngine  : Starting Servlet Engine: Apache Tomcat/8.0.30
2016-12-12 01:53:49.239  INFO 3652 --- [localhost-startStop-1] o.a.c.c.C.[Tomcat].[localhost].[/]       : Initializing Spring embedded WebApplicationContext
2016-12-12 01:53:49.240  INFO 3652 --- [localhost-startStop-1] o.s.web.context.ContextLoader            : Root WebApplicationContext: initialization completed in 1704 ms
2016-12-12 01:53:49.552  INFO 3652 --- [localhost-startStop-1] o.s.b.c.e.ServletRegistrationBean        : Mapping servlet: 'dispatcherServlet' to [/]
2016-12-12 01:53:49.556  INFO 3652 --- [localhost-startStop-1] o.s.b.c.embedded.FilterRegistrationBean  : Mapping filter: 'characterEncodingFilter' to: [/*]
2016-12-12 01:53:49.557  INFO 3652 --- [localhost-startStop-1] o.s.b.c.embedded.FilterRegistrationBean  : Mapping filter: 'hiddenHttpMethodFilter' to: [/*]
2016-12-12 01:53:49.558  INFO 3652 --- [localhost-startStop-1] o.s.b.c.embedded.FilterRegistrationBean  : Mapping filter: 'httpPutFormContentFilter' to: [/*]
2016-12-12 01:53:49.558  INFO 3652 --- [localhost-startStop-1] o.s.b.c.embedded.FilterRegistrationBean  : Mapping filter: 'requestContextFilter' to: [/*]
2016-12-12 01:53:49.816  INFO 3652 --- [main] s.w.s.m.m.a.RequestMappingHandlerAdapter : Looking for @ControllerAdvice: org.springframework.boot.context.embedded.AnnotationConfigEmbeddedWebApplicationContext@7ff2a664: startup date [Mon Dec 12 01:53:47 IST 2016]; root of context hierarchy
2016-12-12 01:53:49.893  INFO 3652 --- [main] s.w.s.m.m.a.RequestMappingHandlerMapping : Mapped "{[/uploadAudioFile],methods=[POST]}" onto public com.sonetel.entity.ResponseObject com.sonetel.controller.AudioController.uploadAudio(org.springframework.web.multipart.MultipartFile) throws java.io.IOException
2016-12-12 01:53:49.895  INFO 3652 --- [main] s.w.s.m.m.a.RequestMappingHandlerMapping : Mapped "{[/downloadAudioFile/{id}],methods=[GET]}" onto public com.sonetel.entity.ResponseObject com.sonetel.controller.AudioController.uploadAudio(javax.servlet.http.HttpServletResponse,java.lang.String) throws java.io.IOException
2016-12-12 01:53:49.895  INFO 3652 --- [main] s.w.s.m.m.a.RequestMappingHandlerMapping : Mapped "{[/dir],methods=[GET]}" onto public java.util.Map<java.lang.Long, java.lang.String> com.sonetel.controller.AudioController.getDirectory()
2016-12-12 01:53:49.896  INFO 3652 --- [main] s.w.s.m.m.a.RequestMappingHandlerMapping : Mapped "{[/hello],methods=[GET]}" onto public java.lang.String com.sonetel.controller.AudioController.Hello()
2016-12-12 01:53:49.899  INFO 3652 --- [main] s.w.s.m.m.a.RequestMappingHandlerMapping : Mapped "{[/error],produces=[text/html]}" onto public org.springframework.web.servlet.ModelAndView org.springframework.boot.autoconfigure.web.BasicErrorController.errorHtml(javax.servlet.http.HttpServletRequest,javax.servlet.http.HttpServletResponse)
2016-12-12 01:53:49.899  INFO 3652 --- [main] s.w.s.m.m.a.RequestMappingHandlerMapping : Mapped "{[/error]}" onto public org.springframework.http.ResponseEntity<java.util.Map<java.lang.String, java.lang.Object>> org.springframework.boot.autoconfigure.web.BasicErrorController.error(javax.servlet.http.HttpServletRequest)
2016-12-12 01:53:49.926  INFO 3652 --- [main] o.s.w.s.handler.SimpleUrlHandlerMapping  : Mapped URL path [/webjars/**] onto handler of type [class org.springframework.web.servlet.resource.ResourceHttpRequestHandler]
2016-12-12 01:53:49.926  INFO 3652 --- [main] o.s.w.s.handler.SimpleUrlHandlerMapping  : Mapped URL path [/**] onto handler of type [class org.springframework.web.servlet.resource.ResourceHttpRequestHandler]
2016-12-12 01:53:49.946  INFO 3652 --- [main] .m.m.a.ExceptionHandlerExceptionResolver : Detected @ExceptionHandler methods in globalExceptionHandler
2016-12-12 01:53:49.966  INFO 3652 --- [main] o.s.w.s.handler.SimpleUrlHandlerMapping  : Mapped URL path [/**/favicon.ico] onto handler of type [class org.springframework.web.servlet.resource.ResourceHttpRequestHandler]
2016-12-12 01:53:50.117  INFO 3652 --- [main] o.s.j.e.a.AnnotationMBeanExporter        : Registering beans for JMX exposure on startup
2016-12-12 01:53:50.230  INFO 3652 --- [main] s.b.c.e.t.TomcatEmbeddedServletContainer : Tomcat started on port(s): 9191 (http)
2016-12-12 01:53:50.236  INFO 3652 --- [main] com.sonetel.Application                  : Started Application in 3.292 seconds (JVM running for 3.773)
2016-12-12 01:54:04.081  INFO 3652 --- [http-nio-9191-exec-1] o.a.c.c.C.[Tomcat].[localhost].[/]       : Initializing Spring FrameworkServlet 'dispatcherServlet'
2016-12-12 01:54:04.081  INFO 3652 --- [http-nio-9191-exec-1] o.s.web.servlet.DispatcherServlet        : FrameworkServlet 'dispatcherServlet': initialization started
2016-12-12 01:54:04.100  INFO 3652 --- [http-nio-9191-exec-1] o.s.web.servlet.DispatcherServlet        : FrameworkServlet 'dispatcherServlet': initialization completed in 17 ms
2016-12-12 01:54:04.250  INFO 3652 --- [http-nio-9191-exec-1] com.sonetel.controller.AudioController   : uploadAudioFile Request
2016-12-12 01:54:04.251  INFO 3652 --- [http-nio-9191-exec-1] com.sonetel.service.AudioServiceImpl     : File Content Type:audio/mp3
2016-12-12 01:54:04.274  INFO 3652 --- [http-nio-9191-exec-1] com.sonetel.service.AudioServiceImpl     : /tmp/tomcat.3943909046837725964.9191/1481487844250
2016-12-12 01:54:59.769  INFO 3652 --- [RMI TCP Connection(5)-127.0.0.1] inMXBeanRegistrar$SpringApplicationAdmin : Application shutdown requested.
2016-12-12 01:54:59.770  INFO 3652 --- [RMI TCP Connection(5)-127.0.0.1] ationConfigEmbeddedWebApplicationContext : Closing org.springframework.boot.context.embedded.AnnotationConfigEmbeddedWebApplicationContext@7ff2a664: startup date [Mon Dec 12 01:53:47 IST 2016]; root of context hierarchy
2016-12-12 01:54:59.772  INFO 3652 --- [RMI TCP Connection(5)-127.0.0.1] o.s.j.e.a.AnnotationMBeanExporter        : Unregistering JMX-exposed beans on shutdown
2016-12-12 01:55:01.224  INFO 3768 --- [main] com.sonetel.Application                  : Starting Application on L-Antariksh-tech with PID 3768 (/home/antariksh/Desktop/REST/sonetel-project-audio/target/classes started by antariksh in /home/antariksh/Desktop/REST/sonetel-project-audio)
2016-12-12 01:55:01.228  INFO 3768 --- [main] com.sonetel.Application                  : No active profile set, falling back to default profiles: default
2016-12-12 01:55:01.314  INFO 3768 --- [main] ationConfigEmbeddedWebApplicationContext : Refreshing org.springframework.boot.context.embedded.AnnotationConfigEmbeddedWebApplicationContext@7ff2a664: startup date [Mon Dec 12 01:55:01 IST 2016]; root of context hierarchy
2016-12-12 01:55:02.146  INFO 3768 --- [main] o.s.b.f.s.DefaultListableBeanFactory     : Overriding bean definition for bean 'beanNameViewResolver' with a different definition: replacing [Root bean: class [null]; scope=; abstract=false; lazyInit=false; autowireMode=3; dependencyCheck=0; autowireCandidate=true; primary=false; factoryBeanName=org.springframework.boot.autoconfigure.web.ErrorMvcAutoConfiguration$WhitelabelErrorViewConfiguration; factoryMethodName=beanNameViewResolver; initMethodName=null; destroyMethodName=(inferred); defined in class path resource [org/springframework/boot/autoconfigure/web/ErrorMvcAutoConfiguration$WhitelabelErrorViewConfiguration.class]] with [Root bean: class [null]; scope=; abstract=false; lazyInit=false; autowireMode=3; dependencyCheck=0; autowireCandidate=true; primary=false; factoryBeanName=org.springframework.boot.autoconfigure.web.WebMvcAutoConfiguration$WebMvcAutoConfigurationAdapter; factoryMethodName=beanNameViewResolver; initMethodName=null; destroyMethodName=(inferred); defined in class path resource [org/springframework/boot/autoconfigure/web/WebMvcAutoConfiguration$WebMvcAutoConfigurationAdapter.class]]
2016-12-12 01:55:02.924  INFO 3768 --- [main] s.b.c.e.t.TomcatEmbeddedServletContainer : Tomcat initialized with port(s): 9191 (http)
2016-12-12 01:55:02.950  INFO 3768 --- [main] o.apache.catalina.core.StandardService   : Starting service Tomcat
2016-12-12 01:55:02.952  INFO 3768 --- [main] org.apache.catalina.core.StandardEngine  : Starting Servlet Engine: Apache Tomcat/8.0.30
2016-12-12 01:55:03.062  INFO 3768 --- [localhost-startStop-1] o.a.c.c.C.[Tomcat].[localhost].[/]       : Initializing Spring embedded WebApplicationContext
2016-12-12 01:55:03.063  INFO 3768 --- [localhost-startStop-1] o.s.web.context.ContextLoader            : Root WebApplicationContext: initialization completed in 1753 ms
2016-12-12 01:55:03.397  INFO 3768 --- [localhost-startStop-1] o.s.b.c.e.ServletRegistrationBean        : Mapping servlet: 'dispatcherServlet' to [/]
2016-12-12 01:55:03.403  INFO 3768 --- [localhost-startStop-1] o.s.b.c.embedded.FilterRegistrationBean  : Mapping filter: 'characterEncodingFilter' to: [/*]
2016-12-12 01:55:03.404  INFO 3768 --- [localhost-startStop-1] o.s.b.c.embedded.FilterRegistrationBean  : Mapping filter: 'hiddenHttpMethodFilter' to: [/*]
2016-12-12 01:55:03.405  INFO 3768 --- [localhost-startStop-1] o.s.b.c.embedded.FilterRegistrationBean  : Mapping filter: 'httpPutFormContentFilter' to: [/*]
2016-12-12 01:55:03.405  INFO 3768 --- [localhost-startStop-1] o.s.b.c.embedded.FilterRegistrationBean  : Mapping filter: 'requestContextFilter' to: [/*]
2016-12-12 01:55:03.663  INFO 3768 --- [main] s.w.s.m.m.a.RequestMappingHandlerAdapter : Looking for @ControllerAdvice: org.springframework.boot.context.embedded.AnnotationConfigEmbeddedWebApplicationContext@7ff2a664: startup date [Mon Dec 12 01:55:01 IST 2016]; root of context hierarchy
2016-12-12 01:55:03.741  INFO 3768 --- [main] s.w.s.m.m.a.RequestMappingHandlerMapping : Mapped "{[/hello],methods=[GET]}" onto public java.lang.String com.sonetel.controller.AudioController.Hello()
2016-12-12 01:55:03.743  INFO 3768 --- [main] s.w.s.m.m.a.RequestMappingHandlerMapping : Mapped "{[/uploadAudioFile],methods=[POST]}" onto public com.sonetel.entity.ResponseObject com.sonetel.controller.AudioController.uploadAudio(org.springframework.web.multipart.MultipartFile) throws java.io.IOException
2016-12-12 01:55:03.743  INFO 3768 --- [main] s.w.s.m.m.a.RequestMappingHandlerMapping : Mapped "{[/downloadAudioFile/{id}],methods=[GET]}" onto public com.sonetel.entity.ResponseObject com.sonetel.controller.AudioController.uploadAudio(javax.servlet.http.HttpServletResponse,java.lang.String) throws java.io.IOException
2016-12-12 01:55:03.744  INFO 3768 --- [main] s.w.s.m.m.a.RequestMappingHandlerMapping : Mapped "{[/dir],methods=[GET]}" onto public java.util.Map<java.lang.Long, java.lang.String> com.sonetel.controller.AudioController.getDirectory()
2016-12-12 01:55:03.747  INFO 3768 --- [main] s.w.s.m.m.a.RequestMappingHandlerMapping : Mapped "{[/error],produces=[text/html]}" onto public org.springframework.web.servlet.ModelAndView org.springframework.boot.autoconfigure.web.BasicErrorController.errorHtml(javax.servlet.http.HttpServletRequest,javax.servlet.http.HttpServletResponse)
2016-12-12 01:55:03.747  INFO 3768 --- [main] s.w.s.m.m.a.RequestMappingHandlerMapping : Mapped "{[/error]}" onto public org.springframework.http.ResponseEntity<java.util.Map<java.lang.String, java.lang.Object>> org.springframework.boot.autoconfigure.web.BasicErrorController.error(javax.servlet.http.HttpServletRequest)
2016-12-12 01:55:03.777  INFO 3768 --- [main] o.s.w.s.handler.SimpleUrlHandlerMapping  : Mapped URL path [/webjars/**] onto handler of type [class org.springframework.web.servlet.resource.ResourceHttpRequestHandler]
2016-12-12 01:55:03.777  INFO 3768 --- [main] o.s.w.s.handler.SimpleUrlHandlerMapping  : Mapped URL path [/**] onto handler of type [class org.springframework.web.servlet.resource.ResourceHttpRequestHandler]
2016-12-12 01:55:03.797  INFO 3768 --- [main] .m.m.a.ExceptionHandlerExceptionResolver : Detected @ExceptionHandler methods in globalExceptionHandler
2016-12-12 01:55:03.823  INFO 3768 --- [main] o.s.w.s.handler.SimpleUrlHandlerMapping  : Mapped URL path [/**/favicon.ico] onto handler of type [class org.springframework.web.servlet.resource.ResourceHttpRequestHandler]
2016-12-12 01:55:03.988  INFO 3768 --- [main] o.s.j.e.a.AnnotationMBeanExporter        : Registering beans for JMX exposure on startup
2016-12-12 01:55:04.076  INFO 3768 --- [main] s.b.c.e.t.TomcatEmbeddedServletContainer : Tomcat started on port(s): 9191 (http)
2016-12-12 01:55:04.084  INFO 3768 --- [main] com.sonetel.Application                  : Started Application in 3.322 seconds (JVM running for 3.784)
2016-12-12 01:55:41.628  INFO 3768 --- [RMI TCP Connection(2)-127.0.0.1] inMXBeanRegistrar$SpringApplicationAdmin : Application shutdown requested.
2016-12-12 01:55:41.629  INFO 3768 --- [RMI TCP Connection(2)-127.0.0.1] ationConfigEmbeddedWebApplicationContext : Closing org.springframework.boot.context.embedded.AnnotationConfigEmbeddedWebApplicationContext@7ff2a664: startup date [Mon Dec 12 01:55:01 IST 2016]; root of context hierarchy
2016-12-12 01:55:41.631  INFO 3768 --- [RMI TCP Connection(2)-127.0.0.1] o.s.j.e.a.AnnotationMBeanExporter        : Unregistering JMX-exposed beans on shutdown
2016-12-12 01:55:43.065  INFO 3837 --- [main] com.sonetel.Application                  : Starting Application on L-Antariksh-tech with PID 3837 (/home/antariksh/Desktop/REST/sonetel-project-audio/target/classes started by antariksh in /home/antariksh/Desktop/REST/sonetel-project-audio)
2016-12-12 01:55:43.070  INFO 3837 --- [main] com.sonetel.Application                  : No active profile set, falling back to default profiles: default
2016-12-12 01:55:43.147  INFO 3837 --- [main] ationConfigEmbeddedWebApplicationContext : Refreshing org.springframework.boot.context.embedded.AnnotationConfigEmbeddedWebApplicationContext@7ff2a664: startup date [Mon Dec 12 01:55:43 IST 2016]; root of context hierarchy
2016-12-12 01:55:44.076  INFO 3837 --- [main] o.s.b.f.s.DefaultListableBeanFactory     : Overriding bean definition for bean 'beanNameViewResolver' with a different definition: replacing [Root bean: class [null]; scope=; abstract=false; lazyInit=false; autowireMode=3; dependencyCheck=0; autowireCandidate=true; primary=false; factoryBeanName=org.springframework.boot.autoconfigure.web.ErrorMvcAutoConfiguration$WhitelabelErrorViewConfiguration; factoryMethodName=beanNameViewResolver; initMethodName=null; destroyMethodName=(inferred); defined in class path resource [org/springframework/boot/autoconfigure/web/ErrorMvcAutoConfiguration$WhitelabelErrorViewConfiguration.class]] with [Root bean: class [null]; scope=; abstract=false; lazyInit=false; autowireMode=3; dependencyCheck=0; autowireCandidate=true; primary=false; factoryBeanName=org.springframework.boot.autoconfigure.web.WebMvcAutoConfiguration$WebMvcAutoConfigurationAdapter; factoryMethodName=beanNameViewResolver; initMethodName=null; destroyMethodName=(inferred); defined in class path resource [org/springframework/boot/autoconfigure/web/WebMvcAutoConfiguration$WebMvcAutoConfigurationAdapter.class]]
2016-12-12 01:55:44.786  INFO 3837 --- [main] s.b.c.e.t.TomcatEmbeddedServletContainer : Tomcat initialized with port(s): 9191 (http)
2016-12-12 01:55:44.804  INFO 3837 --- [main] o.apache.catalina.core.StandardService   : Starting service Tomcat
2016-12-12 01:55:44.806  INFO 3837 --- [main] org.apache.catalina.core.StandardEngine  : Starting Servlet Engine: Apache Tomcat/8.0.30
2016-12-12 01:55:44.917  INFO 3837 --- [localhost-startStop-1] o.a.c.c.C.[Tomcat].[localhost].[/]       : Initializing Spring embedded WebApplicationContext
2016-12-12 01:55:44.918  INFO 3837 --- [localhost-startStop-1] o.s.web.context.ContextLoader            : Root WebApplicationContext: initialization completed in 1777 ms
2016-12-12 01:55:45.310  INFO 3837 --- [localhost-startStop-1] o.s.b.c.e.ServletRegistrationBean        : Mapping servlet: 'dispatcherServlet' to [/]
2016-12-12 01:55:45.314  INFO 3837 --- [localhost-startStop-1] o.s.b.c.embedded.FilterRegistrationBean  : Mapping filter: 'characterEncodingFilter' to: [/*]
2016-12-12 01:55:45.314  INFO 3837 --- [localhost-startStop-1] o.s.b.c.embedded.FilterRegistrationBean  : Mapping filter: 'hiddenHttpMethodFilter' to: [/*]
2016-12-12 01:55:45.315  INFO 3837 --- [localhost-startStop-1] o.s.b.c.embedded.FilterRegistrationBean  : Mapping filter: 'httpPutFormContentFilter' to: [/*]
2016-12-12 01:55:45.315  INFO 3837 --- [localhost-startStop-1] o.s.b.c.embedded.FilterRegistrationBean  : Mapping filter: 'requestContextFilter' to: [/*]
2016-12-12 01:55:45.571  INFO 3837 --- [main] s.w.s.m.m.a.RequestMappingHandlerAdapter : Looking for @ControllerAdvice: org.springframework.boot.context.embedded.AnnotationConfigEmbeddedWebApplicationContext@7ff2a664: startup date [Mon Dec 12 01:55:43 IST 2016]; root of context hierarchy
2016-12-12 01:55:45.651  INFO 3837 --- [main] s.w.s.m.m.a.RequestMappingHandlerMapping : Mapped "{[/hello],methods=[GET]}" onto public java.lang.String com.sonetel.controller.AudioController.Hello()
2016-12-12 01:55:45.652  INFO 3837 --- [main] s.w.s.m.m.a.RequestMappingHandlerMapping : Mapped "{[/uploadAudioFile],methods=[POST]}" onto public com.sonetel.entity.ResponseObject com.sonetel.controller.AudioController.uploadAudio(org.springframework.web.multipart.MultipartFile) throws java.io.IOException
2016-12-12 01:55:45.653  INFO 3837 --- [main] s.w.s.m.m.a.RequestMappingHandlerMapping : Mapped "{[/downloadAudioFile/{id}],methods=[GET]}" onto public com.sonetel.entity.ResponseObject com.sonetel.controller.AudioController.uploadAudio(javax.servlet.http.HttpServletResponse,java.lang.String) throws java.io.IOException
2016-12-12 01:55:45.653  INFO 3837 --- [main] s.w.s.m.m.a.RequestMappingHandlerMapping : Mapped "{[/dir],methods=[GET]}" onto public java.util.Map<java.lang.Long, java.lang.String> com.sonetel.controller.AudioController.getDirectory()
2016-12-12 01:55:45.656  INFO 3837 --- [main] s.w.s.m.m.a.RequestMappingHandlerMapping : Mapped "{[/error],produces=[text/html]}" onto public org.springframework.web.servlet.ModelAndView org.springframework.boot.autoconfigure.web.BasicErrorController.errorHtml(javax.servlet.http.HttpServletRequest,javax.servlet.http.HttpServletResponse)
2016-12-12 01:55:45.657  INFO 3837 --- [main] s.w.s.m.m.a.RequestMappingHandlerMapping : Mapped "{[/error]}" onto public org.springframework.http.ResponseEntity<java.util.Map<java.lang.String, java.lang.Object>> org.springframework.boot.autoconfigure.web.BasicErrorController.error(javax.servlet.http.HttpServletRequest)
2016-12-12 01:55:45.687  INFO 3837 --- [main] o.s.w.s.handler.SimpleUrlHandlerMapping  : Mapped URL path [/webjars/**] onto handler of type [class org.springframework.web.servlet.resource.ResourceHttpRequestHandler]
2016-12-12 01:55:45.688  INFO 3837 --- [main] o.s.w.s.handler.SimpleUrlHandlerMapping  : Mapped URL path [/**] onto handler of type [class org.springframework.web.servlet.resource.ResourceHttpRequestHandler]
2016-12-12 01:55:45.705  INFO 3837 --- [main] .m.m.a.ExceptionHandlerExceptionResolver : Detected @ExceptionHandler methods in globalExceptionHandler
2016-12-12 01:55:45.729  INFO 3837 --- [main] o.s.w.s.handler.SimpleUrlHandlerMapping  : Mapped URL path [/**/favicon.ico] onto handler of type [class org.springframework.web.servlet.resource.ResourceHttpRequestHandler]
2016-12-12 01:55:45.895  INFO 3837 --- [main] o.s.j.e.a.AnnotationMBeanExporter        : Registering beans for JMX exposure on startup
2016-12-12 01:55:46.022  INFO 3837 --- [main] s.b.c.e.t.TomcatEmbeddedServletContainer : Tomcat started on port(s): 9191 (http)
2016-12-12 01:55:46.030  INFO 3837 --- [main] com.sonetel.Application                  : Started Application in 3.382 seconds (JVM running for 3.856)
2016-12-12 01:56:24.558  INFO 3837 --- [RMI TCP Connection(5)-127.0.0.1] inMXBeanRegistrar$SpringApplicationAdmin : Application shutdown requested.
2016-12-12 01:56:24.559  INFO 3837 --- [RMI TCP Connection(5)-127.0.0.1] ationConfigEmbeddedWebApplicationContext : Closing org.springframework.boot.context.embedded.AnnotationConfigEmbeddedWebApplicationContext@7ff2a664: startup date [Mon Dec 12 01:55:43 IST 2016]; root of context hierarchy
2016-12-12 01:56:24.567  INFO 3837 --- [RMI TCP Connection(5)-127.0.0.1] o.s.j.e.a.AnnotationMBeanExporter        : Unregistering JMX-exposed beans on shutdown
2016-12-12 01:56:26.111  INFO 3906 --- [main] com.sonetel.Application                  : Starting Application on L-Antariksh-tech with PID 3906 (/home/antariksh/Desktop/REST/sonetel-project-audio/target/classes started by antariksh in /home/antariksh/Desktop/REST/sonetel-project-audio)
2016-12-12 01:56:26.114  INFO 3906 --- [main] com.sonetel.Application                  : No active profile set, falling back to default profiles: default
2016-12-12 01:56:26.204  INFO 3906 --- [main] ationConfigEmbeddedWebApplicationContext : Refreshing org.springframework.boot.context.embedded.AnnotationConfigEmbeddedWebApplicationContext@7ff2a664: startup date [Mon Dec 12 01:56:26 IST 2016]; root of context hierarchy
2016-12-12 01:56:27.116  INFO 3906 --- [main] o.s.b.f.s.DefaultListableBeanFactory     : Overriding bean definition for bean 'beanNameViewResolver' with a different definition: replacing [Root bean: class [null]; scope=; abstract=false; lazyInit=false; autowireMode=3; dependencyCheck=0; autowireCandidate=true; primary=false; factoryBeanName=org.springframework.boot.autoconfigure.web.ErrorMvcAutoConfiguration$WhitelabelErrorViewConfiguration; factoryMethodName=beanNameViewResolver; initMethodName=null; destroyMethodName=(inferred); defined in class path resource [org/springframework/boot/autoconfigure/web/ErrorMvcAutoConfiguration$WhitelabelErrorViewConfiguration.class]] with [Root bean: class [null]; scope=; abstract=false; lazyInit=false; autowireMode=3; dependencyCheck=0; autowireCandidate=true; primary=false; factoryBeanName=org.springframework.boot.autoconfigure.web.WebMvcAutoConfiguration$WebMvcAutoConfigurationAdapter; factoryMethodName=beanNameViewResolver; initMethodName=null; destroyMethodName=(inferred); defined in class path resource [org/springframework/boot/autoconfigure/web/WebMvcAutoConfiguration$WebMvcAutoConfigurationAdapter.class]]
2016-12-12 01:56:28.182  INFO 3906 --- [main] s.b.c.e.t.TomcatEmbeddedServletContainer : Tomcat initialized with port(s): 9191 (http)
2016-12-12 01:56:28.202  INFO 3906 --- [main] o.apache.catalina.core.StandardService   : Starting service Tomcat
2016-12-12 01:56:28.203  INFO 3906 --- [main] org.apache.catalina.core.StandardEngine  : Starting Servlet Engine: Apache Tomcat/8.0.30
2016-12-12 01:56:28.331  INFO 3906 --- [localhost-startStop-1] o.a.c.c.C.[Tomcat].[localhost].[/]       : Initializing Spring embedded WebApplicationContext
2016-12-12 01:56:28.331  INFO 3906 --- [localhost-startStop-1] o.s.web.context.ContextLoader            : Root WebApplicationContext: initialization completed in 2133 ms
2016-12-12 01:56:28.797  INFO 3906 --- [localhost-startStop-1] o.s.b.c.e.ServletRegistrationBean        : Mapping servlet: 'dispatcherServlet' to [/]
2016-12-12 01:56:28.802  INFO 3906 --- [localhost-startStop-1] o.s.b.c.embedded.FilterRegistrationBean  : Mapping filter: 'characterEncodingFilter' to: [/*]
2016-12-12 01:56:28.803  INFO 3906 --- [localhost-startStop-1] o.s.b.c.embedded.FilterRegistrationBean  : Mapping filter: 'hiddenHttpMethodFilter' to: [/*]
2016-12-12 01:56:28.804  INFO 3906 --- [localhost-startStop-1] o.s.b.c.embedded.FilterRegistrationBean  : Mapping filter: 'httpPutFormContentFilter' to: [/*]
2016-12-12 01:56:28.804  INFO 3906 --- [localhost-startStop-1] o.s.b.c.embedded.FilterRegistrationBean  : Mapping filter: 'requestContextFilter' to: [/*]
2016-12-12 01:56:29.136  INFO 3906 --- [main] s.w.s.m.m.a.RequestMappingHandlerAdapter : Looking for @ControllerAdvice: org.springframework.boot.context.embedded.AnnotationConfigEmbeddedWebApplicationContext@7ff2a664: startup date [Mon Dec 12 01:56:26 IST 2016]; root of context hierarchy
2016-12-12 01:56:29.241  INFO 3906 --- [main] s.w.s.m.m.a.RequestMappingHandlerMapping : Mapped "{[/uploadAudioFile],methods=[POST]}" onto public com.sonetel.entity.ResponseObject com.sonetel.controller.AudioController.uploadAudio(org.springframework.web.multipart.MultipartFile) throws java.io.IOException
2016-12-12 01:56:29.242  INFO 3906 --- [main] s.w.s.m.m.a.RequestMappingHandlerMapping : Mapped "{[/downloadAudioFile/{id}],methods=[GET]}" onto public com.sonetel.entity.ResponseObject com.sonetel.controller.AudioController.uploadAudio(javax.servlet.http.HttpServletResponse,java.lang.String) throws java.io.IOException
2016-12-12 01:56:29.243  INFO 3906 --- [main] s.w.s.m.m.a.RequestMappingHandlerMapping : Mapped "{[/dir],methods=[GET]}" onto public java.util.Map<java.lang.Long, java.lang.String> com.sonetel.controller.AudioController.getDirectory()
2016-12-12 01:56:29.244  INFO 3906 --- [main] s.w.s.m.m.a.RequestMappingHandlerMapping : Mapped "{[/hello],methods=[GET]}" onto public java.lang.String com.sonetel.controller.AudioController.Hello()
2016-12-12 01:56:29.247  INFO 3906 --- [main] s.w.s.m.m.a.RequestMappingHandlerMapping : Mapped "{[/error],produces=[text/html]}" onto public org.springframework.web.servlet.ModelAndView org.springframework.boot.autoconfigure.web.BasicErrorController.errorHtml(javax.servlet.http.HttpServletRequest,javax.servlet.http.HttpServletResponse)
2016-12-12 01:56:29.248  INFO 3906 --- [main] s.w.s.m.m.a.RequestMappingHandlerMapping : Mapped "{[/error]}" onto public org.springframework.http.ResponseEntity<java.util.Map<java.lang.String, java.lang.Object>> org.springframework.boot.autoconfigure.web.BasicErrorController.error(javax.servlet.http.HttpServletRequest)
2016-12-12 01:56:29.291  INFO 3906 --- [main] o.s.w.s.handler.SimpleUrlHandlerMapping  : Mapped URL path [/webjars/**] onto handler of type [class org.springframework.web.servlet.resource.ResourceHttpRequestHandler]
2016-12-12 01:56:29.291  INFO 3906 --- [main] o.s.w.s.handler.SimpleUrlHandlerMapping  : Mapped URL path [/**] onto handler of type [class org.springframework.web.servlet.resource.ResourceHttpRequestHandler]
2016-12-12 01:56:29.311  INFO 3906 --- [main] .m.m.a.ExceptionHandlerExceptionResolver : Detected @ExceptionHandler methods in globalExceptionHandler
2016-12-12 01:56:29.337  INFO 3906 --- [main] o.s.w.s.handler.SimpleUrlHandlerMapping  : Mapped URL path [/**/favicon.ico] onto handler of type [class org.springframework.web.servlet.resource.ResourceHttpRequestHandler]
2016-12-12 01:56:29.494  INFO 3906 --- [main] o.s.j.e.a.AnnotationMBeanExporter        : Registering beans for JMX exposure on startup
2016-12-12 01:56:29.560  INFO 3906 --- [main] s.b.c.e.t.TomcatEmbeddedServletContainer : Tomcat started on port(s): 9191 (http)
2016-12-12 01:56:29.564  INFO 3906 --- [main] com.sonetel.Application                  : Started Application in 3.902 seconds (JVM running for 4.419)
2016-12-12 01:56:31.601  INFO 3906 --- [http-nio-9191-exec-1] o.a.c.c.C.[Tomcat].[localhost].[/]       : Initializing Spring FrameworkServlet 'dispatcherServlet'
2016-12-12 01:56:31.601  INFO 3906 --- [http-nio-9191-exec-1] o.s.web.servlet.DispatcherServlet        : FrameworkServlet 'dispatcherServlet': initialization started
2016-12-12 01:56:31.616  INFO 3906 --- [http-nio-9191-exec-1] o.s.web.servlet.DispatcherServlet        : FrameworkServlet 'dispatcherServlet': initialization completed in 15 ms
2016-12-12 01:56:31.768  INFO 3906 --- [http-nio-9191-exec-1] com.sonetel.controller.AudioController   : uploadAudioFile Request
2016-12-12 01:56:31.770  INFO 3906 --- [http-nio-9191-exec-1] com.sonetel.service.AudioServiceImpl     : File Content Type:audio/mp3
2016-12-12 01:56:31.791  INFO 3906 --- [http-nio-9191-exec-1] com.sonetel.service.AudioServiceImpl     : /tmp/tomcat.4980745604789061742.9191/uploads/1481487991770
2016-12-12 01:57:25.784  INFO 3906 --- [http-nio-9191-exec-4] com.sonetel.controller.AudioController   : Download Request for: 1481487991770
2016-12-12 01:57:25.785  INFO 3906 --- [http-nio-9191-exec-4] com.sonetel.service.AudioServiceImpl     : Request id 1481487991770, filename Arijit Singh with his soulful performance.mp3
2016-12-12 01:59:11.306  INFO 3906 --- [RMI TCP Connection(8)-127.0.0.1] inMXBeanRegistrar$SpringApplicationAdmin : Application shutdown requested.
2016-12-12 01:59:11.307  INFO 3906 --- [RMI TCP Connection(8)-127.0.0.1] ationConfigEmbeddedWebApplicationContext : Closing org.springframework.boot.context.embedded.AnnotationConfigEmbeddedWebApplicationContext@7ff2a664: startup date [Mon Dec 12 01:56:26 IST 2016]; root of context hierarchy
2016-12-12 01:59:11.309  INFO 3906 --- [RMI TCP Connection(8)-127.0.0.1] o.s.j.e.a.AnnotationMBeanExporter        : Unregistering JMX-exposed beans on shutdown
2016-12-12 01:59:12.736  INFO 4121 --- [main] com.sonetel.Application                  : Starting Application on L-Antariksh-tech with PID 4121 (/home/antariksh/Desktop/REST/sonetel-project-audio/target/classes started by antariksh in /home/antariksh/Desktop/REST/sonetel-project-audio)
2016-12-12 01:59:12.739  INFO 4121 --- [main] com.sonetel.Application                  : No active profile set, falling back to default profiles: default
2016-12-12 01:59:12.835  INFO 4121 --- [main] ationConfigEmbeddedWebApplicationContext : Refreshing org.springframework.boot.context.embedded.AnnotationConfigEmbeddedWebApplicationContext@7ff2a664: startup date [Mon Dec 12 01:59:12 IST 2016]; root of context hierarchy
2016-12-12 01:59:13.883  INFO 4121 --- [main] o.s.b.f.s.DefaultListableBeanFactory     : Overriding bean definition for bean 'beanNameViewResolver' with a different definition: replacing [Root bean: class [null]; scope=; abstract=false; lazyInit=false; autowireMode=3; dependencyCheck=0; autowireCandidate=true; primary=false; factoryBeanName=org.springframework.boot.autoconfigure.web.ErrorMvcAutoConfiguration$WhitelabelErrorViewConfiguration; factoryMethodName=beanNameViewResolver; initMethodName=null; destroyMethodName=(inferred); defined in class path resource [org/springframework/boot/autoconfigure/web/ErrorMvcAutoConfiguration$WhitelabelErrorViewConfiguration.class]] with [Root bean: class [null]; scope=; abstract=false; lazyInit=false; autowireMode=3; dependencyCheck=0; autowireCandidate=true; primary=false; factoryBeanName=org.springframework.boot.autoconfigure.web.WebMvcAutoConfiguration$WebMvcAutoConfigurationAdapter; factoryMethodName=beanNameViewResolver; initMethodName=null; destroyMethodName=(inferred); defined in class path resource [org/springframework/boot/autoconfigure/web/WebMvcAutoConfiguration$WebMvcAutoConfigurationAdapter.class]]
2016-12-12 01:59:14.576  INFO 4121 --- [main] s.b.c.e.t.TomcatEmbeddedServletContainer : Tomcat initialized with port(s): 9191 (http)
2016-12-12 01:59:14.600  INFO 4121 --- [main] o.apache.catalina.core.StandardService   : Starting service Tomcat
2016-12-12 01:59:14.602  INFO 4121 --- [main] org.apache.catalina.core.StandardEngine  : Starting Servlet Engine: Apache Tomcat/8.0.30
2016-12-12 01:59:14.715  INFO 4121 --- [localhost-startStop-1] o.a.c.c.C.[Tomcat].[localhost].[/]       : Initializing Spring embedded WebApplicationContext
2016-12-12 01:59:14.716  INFO 4121 --- [localhost-startStop-1] o.s.web.context.ContextLoader            : Root WebApplicationContext: initialization completed in 1885 ms
2016-12-12 01:59:15.048  INFO 4121 --- [localhost-startStop-1] o.s.b.c.e.ServletRegistrationBean        : Mapping servlet: 'dispatcherServlet' to [/]
2016-12-12 01:59:15.055  INFO 4121 --- [localhost-startStop-1] o.s.b.c.embedded.FilterRegistrationBean  : Mapping filter: 'characterEncodingFilter' to: [/*]
2016-12-12 01:59:15.056  INFO 4121 --- [localhost-startStop-1] o.s.b.c.embedded.FilterRegistrationBean  : Mapping filter: 'hiddenHttpMethodFilter' to: [/*]
2016-12-12 01:59:15.056  INFO 4121 --- [localhost-startStop-1] o.s.b.c.embedded.FilterRegistrationBean  : Mapping filter: 'httpPutFormContentFilter' to: [/*]
2016-12-12 01:59:15.056  INFO 4121 --- [localhost-startStop-1] o.s.b.c.embedded.FilterRegistrationBean  : Mapping filter: 'requestContextFilter' to: [/*]
2016-12-12 01:59:15.313  INFO 4121 --- [main] s.w.s.m.m.a.RequestMappingHandlerAdapter : Looking for @ControllerAdvice: org.springframework.boot.context.embedded.AnnotationConfigEmbeddedWebApplicationContext@7ff2a664: startup date [Mon Dec 12 01:59:12 IST 2016]; root of context hierarchy
2016-12-12 01:59:15.384  INFO 4121 --- [main] s.w.s.m.m.a.RequestMappingHandlerMapping : Mapped "{[/hello],methods=[GET]}" onto public java.lang.String com.sonetel.controller.AudioController.Hello()
2016-12-12 01:59:15.385  INFO 4121 --- [main] s.w.s.m.m.a.RequestMappingHandlerMapping : Mapped "{[/uploadAudioFile],methods=[POST]}" onto public com.sonetel.entity.ResponseObject com.sonetel.controller.AudioController.uploadAudio(org.springframework.web.multipart.MultipartFile) throws java.io.IOException
2016-12-12 01:59:15.385  INFO 4121 --- [main] s.w.s.m.m.a.RequestMappingHandlerMapping : Mapped "{[/downloadAudioFile/{id}],methods=[GET]}" onto public com.sonetel.entity.ResponseObject com.sonetel.controller.AudioController.uploadAudio(javax.servlet.http.HttpServletResponse,java.lang.String) throws java.io.IOException
2016-12-12 01:59:15.386  INFO 4121 --- [main] s.w.s.m.m.a.RequestMappingHandlerMapping : Mapped "{[/dir],methods=[GET]}" onto public java.util.Map<java.lang.Long, java.lang.String> com.sonetel.controller.AudioController.getDirectory()
2016-12-12 01:59:15.388  INFO 4121 --- [main] s.w.s.m.m.a.RequestMappingHandlerMapping : Mapped "{[/error],produces=[text/html]}" onto public org.springframework.web.servlet.ModelAndView org.springframework.boot.autoconfigure.web.BasicErrorController.errorHtml(javax.servlet.http.HttpServletRequest,javax.servlet.http.HttpServletResponse)
2016-12-12 01:59:15.389  INFO 4121 --- [main] s.w.s.m.m.a.RequestMappingHandlerMapping : Mapped "{[/error]}" onto public org.springframework.http.ResponseEntity<java.util.Map<java.lang.String, java.lang.Object>> org.springframework.boot.autoconfigure.web.BasicErrorController.error(javax.servlet.http.HttpServletRequest)
2016-12-12 01:59:15.413  INFO 4121 --- [main] o.s.w.s.handler.SimpleUrlHandlerMapping  : Mapped URL path [/webjars/**] onto handler of type [class org.springframework.web.servlet.resource.ResourceHttpRequestHandler]
2016-12-12 01:59:15.413  INFO 4121 --- [main] o.s.w.s.handler.SimpleUrlHandlerMapping  : Mapped URL path [/**] onto handler of type [class org.springframework.web.servlet.resource.ResourceHttpRequestHandler]
2016-12-12 01:59:15.434  INFO 4121 --- [main] .m.m.a.ExceptionHandlerExceptionResolver : Detected @ExceptionHandler methods in globalExceptionHandler
2016-12-12 01:59:15.454  INFO 4121 --- [main] o.s.w.s.handler.SimpleUrlHandlerMapping  : Mapped URL path [/**/favicon.ico] onto handler of type [class org.springframework.web.servlet.resource.ResourceHttpRequestHandler]
2016-12-12 01:59:15.655  INFO 4121 --- [main] o.s.j.e.a.AnnotationMBeanExporter        : Registering beans for JMX exposure on startup
2016-12-12 01:59:15.830  INFO 4121 --- [main] s.b.c.e.t.TomcatEmbeddedServletContainer : Tomcat started on port(s): 9191 (http)
2016-12-12 01:59:15.840  INFO 4121 --- [main] com.sonetel.Application                  : Started Application in 3.53 seconds (JVM running for 4.006)
2017-04-06 13:42:40.156  INFO 9488 --- [main] com.sonetel.Application                  : Starting Application on SSLT0055 with PID 9488 (C:\Users\antariksh.singh\workspace\sonetel-project-audio\target\classes started by antariksh.singh in C:\Users\antariksh.singh\workspace\sonetel-project-audio)
2017-04-06 13:42:40.159  INFO 9488 --- [main] com.sonetel.Application                  : No active profile set, falling back to default profiles: default
2017-04-06 13:42:40.220  INFO 9488 --- [main] ationConfigEmbeddedWebApplicationContext : Refreshing org.springframework.boot.context.embedded.AnnotationConfigEmbeddedWebApplicationContext@7ff2a664: startup date [Thu Apr 06 13:42:40 IST 2017]; root of context hierarchy
2017-04-06 13:42:41.001  INFO 9488 --- [main] o.s.b.f.s.DefaultListableBeanFactory     : Overriding bean definition for bean 'beanNameViewResolver' with a different definition: replacing [Root bean: class [null]; scope=; abstract=false; lazyInit=false; autowireMode=3; dependencyCheck=0; autowireCandidate=true; primary=false; factoryBeanName=org.springframework.boot.autoconfigure.web.ErrorMvcAutoConfiguration$WhitelabelErrorViewConfiguration; factoryMethodName=beanNameViewResolver; initMethodName=null; destroyMethodName=(inferred); defined in class path resource [org/springframework/boot/autoconfigure/web/ErrorMvcAutoConfiguration$WhitelabelErrorViewConfiguration.class]] with [Root bean: class [null]; scope=; abstract=false; lazyInit=false; autowireMode=3; dependencyCheck=0; autowireCandidate=true; primary=false; factoryBeanName=org.springframework.boot.autoconfigure.web.WebMvcAutoConfiguration$WebMvcAutoConfigurationAdapter; factoryMethodName=beanNameViewResolver; initMethodName=null; destroyMethodName=(inferred); defined in class path resource [org/springframework/boot/autoconfigure/web/WebMvcAutoConfiguration$WebMvcAutoConfigurationAdapter.class]]
2017-04-06 13:42:41.704  INFO 9488 --- [main] s.b.c.e.t.TomcatEmbeddedServletContainer : Tomcat initialized with port(s): 9191 (http)
2017-04-06 13:42:41.721  INFO 9488 --- [main] o.apache.catalina.core.StandardService   : Starting service Tomcat
2017-04-06 13:42:41.722  INFO 9488 --- [main] org.apache.catalina.core.StandardEngine  : Starting Servlet Engine: Apache Tomcat/8.0.30
2017-04-06 13:42:41.842  INFO 9488 --- [localhost-startStop-1] o.a.c.c.C.[Tomcat].[localhost].[/]       : Initializing Spring embedded WebApplicationContext
2017-04-06 13:42:41.842  INFO 9488 --- [localhost-startStop-1] o.s.web.context.ContextLoader            : Root WebApplicationContext: initialization completed in 1626 ms
2017-04-06 13:42:42.133  INFO 9488 --- [localhost-startStop-1] o.s.b.c.e.ServletRegistrationBean        : Mapping servlet: 'dispatcherServlet' to [/]
2017-04-06 13:42:42.137  INFO 9488 --- [localhost-startStop-1] o.s.b.c.embedded.FilterRegistrationBean  : Mapping filter: 'characterEncodingFilter' to: [/*]
2017-04-06 13:42:42.137  INFO 9488 --- [localhost-startStop-1] o.s.b.c.embedded.FilterRegistrationBean  : Mapping filter: 'hiddenHttpMethodFilter' to: [/*]
2017-04-06 13:42:42.137  INFO 9488 --- [localhost-startStop-1] o.s.b.c.embedded.FilterRegistrationBean  : Mapping filter: 'httpPutFormContentFilter' to: [/*]
2017-04-06 13:42:42.138  INFO 9488 --- [localhost-startStop-1] o.s.b.c.embedded.FilterRegistrationBean  : Mapping filter: 'requestContextFilter' to: [/*]
2017-04-06 13:42:42.442  INFO 9488 --- [main] s.w.s.m.m.a.RequestMappingHandlerAdapter : Looking for @ControllerAdvice: org.springframework.boot.context.embedded.AnnotationConfigEmbeddedWebApplicationContext@7ff2a664: startup date [Thu Apr 06 13:42:40 IST 2017]; root of context hierarchy
2017-04-06 13:42:42.545  INFO 9488 --- [main] s.w.s.m.m.a.RequestMappingHandlerMapping : Mapped "{[/hello],methods=[GET]}" onto public java.lang.String com.sonetel.controller.AudioController.Hello()
2017-04-06 13:42:42.547  INFO 9488 --- [main] s.w.s.m.m.a.RequestMappingHandlerMapping : Mapped "{[/dir],methods=[GET]}" onto public java.util.Map<java.lang.Long, java.lang.String> com.sonetel.controller.AudioController.getDirectory()
2017-04-06 13:42:42.547  INFO 9488 --- [main] s.w.s.m.m.a.RequestMappingHandlerMapping : Mapped "{[/downloadAudioFile/{id}],methods=[GET]}" onto public com.sonetel.entity.ResponseObject com.sonetel.controller.AudioController.uploadAudio(javax.servlet.http.HttpServletResponse,java.lang.String) throws java.io.IOException
2017-04-06 13:42:42.548  INFO 9488 --- [main] s.w.s.m.m.a.RequestMappingHandlerMapping : Mapped "{[/uploadAudioFile],methods=[POST]}" onto public com.sonetel.entity.ResponseObject com.sonetel.controller.AudioController.uploadAudio(org.springframework.web.multipart.MultipartFile) throws java.io.IOException
2017-04-06 13:42:42.550  INFO 9488 --- [main] s.w.s.m.m.a.RequestMappingHandlerMapping : Mapped "{[/error]}" onto public org.springframework.http.ResponseEntity<java.util.Map<java.lang.String, java.lang.Object>> org.springframework.boot.autoconfigure.web.BasicErrorController.error(javax.servlet.http.HttpServletRequest)
2017-04-06 13:42:42.551  INFO 9488 --- [main] s.w.s.m.m.a.RequestMappingHandlerMapping : Mapped "{[/error],produces=[text/html]}" onto public org.springframework.web.servlet.ModelAndView org.springframework.boot.autoconfigure.web.BasicErrorController.errorHtml(javax.servlet.http.HttpServletRequest,javax.servlet.http.HttpServletResponse)
2017-04-06 13:42:42.555  INFO 9488 --- [main] o.s.w.s.c.a.WebMvcConfigurerAdapter      : Adding welcome page: class path resource [static/index.html]
2017-04-06 13:42:42.573  INFO 9488 --- [main] o.s.w.s.handler.SimpleUrlHandlerMapping  : Root mapping to handler of type [class org.springframework.web.servlet.mvc.ParameterizableViewController]
2017-04-06 13:42:42.582  INFO 9488 --- [main] o.s.w.s.handler.SimpleUrlHandlerMapping  : Mapped URL path [/webjars/**] onto handler of type [class org.springframework.web.servlet.resource.ResourceHttpRequestHandler]
2017-04-06 13:42:42.583  INFO 9488 --- [main] o.s.w.s.handler.SimpleUrlHandlerMapping  : Mapped URL path [/**] onto handler of type [class org.springframework.web.servlet.resource.ResourceHttpRequestHandler]
2017-04-06 13:42:42.607  INFO 9488 --- [main] .m.m.a.ExceptionHandlerExceptionResolver : Detected @ExceptionHandler methods in globalExceptionHandler
2017-04-06 13:42:42.633  INFO 9488 --- [main] o.s.w.s.handler.SimpleUrlHandlerMapping  : Mapped URL path [/**/favicon.ico] onto handler of type [class org.springframework.web.servlet.resource.ResourceHttpRequestHandler]
2017-04-06 13:42:42.772  INFO 9488 --- [main] o.s.j.e.a.AnnotationMBeanExporter        : Registering beans for JMX exposure on startup
2017-04-06 13:42:42.862  INFO 9488 --- [main] s.b.c.e.t.TomcatEmbeddedServletContainer : Tomcat started on port(s): 9191 (http)
2017-04-06 13:42:42.868  INFO 9488 --- [main] com.sonetel.Application                  : Started Application in 13.026 seconds (JVM running for 13.673)
2017-04-06 13:47:32.716  INFO 9488 --- [RMI TCP Connection(2)-192.168.204.1] inMXBeanRegistrar$SpringApplicationAdmin : Application shutdown requested.
2017-04-06 13:47:32.716  INFO 9488 --- [RMI TCP Connection(2)-192.168.204.1] ationConfigEmbeddedWebApplicationContext : Closing org.springframework.boot.context.embedded.AnnotationConfigEmbeddedWebApplicationContext@7ff2a664: startup date [Thu Apr 06 13:42:40 IST 2017]; root of context hierarchy
2017-04-06 13:47:32.719  INFO 9488 --- [RMI TCP Connection(2)-192.168.204.1] o.s.j.e.a.AnnotationMBeanExporter        : Unregistering JMX-exposed beans on shutdown
2017-04-06 13:47:39.248  INFO 196 --- [main] com.sonetel.Application                  : Starting Application on SSLT0055 with PID 196 (C:\Users\antariksh.singh\workspace\sonetel-project-audio\target\classes started by antariksh.singh in C:\Users\antariksh.singh\workspace\sonetel-project-audio)
2017-04-06 13:47:39.252  INFO 196 --- [main] com.sonetel.Application                  : No active profile set, falling back to default profiles: default
2017-04-06 13:47:39.334  INFO 196 --- [main] ationConfigEmbeddedWebApplicationContext : Refreshing org.springframework.boot.context.embedded.AnnotationConfigEmbeddedWebApplicationContext@45f45fa1: startup date [Thu Apr 06 13:47:39 IST 2017]; root of context hierarchy
2017-04-06 13:47:40.698  INFO 196 --- [main] o.s.b.f.s.DefaultListableBeanFactory     : Overriding bean definition for bean 'beanNameViewResolver' with a different definition: replacing [Root bean: class [null]; scope=; abstract=false; lazyInit=false; autowireMode=3; dependencyCheck=0; autowireCandidate=true; primary=false; factoryBeanName=org.springframework.boot.autoconfigure.web.ErrorMvcAutoConfiguration$WhitelabelErrorViewConfiguration; factoryMethodName=beanNameViewResolver; initMethodName=null; destroyMethodName=(inferred); defined in class path resource [org/springframework/boot/autoconfigure/web/ErrorMvcAutoConfiguration$WhitelabelErrorViewConfiguration.class]] with [Root bean: class [null]; scope=; abstract=false; lazyInit=false; autowireMode=3; dependencyCheck=0; autowireCandidate=true; primary=false; factoryBeanName=org.springframework.boot.autoconfigure.web.WebMvcAutoConfiguration$WebMvcAutoConfigurationAdapter; factoryMethodName=beanNameViewResolver; initMethodName=null; destroyMethodName=(inferred); defined in class path resource [org/springframework/boot/autoconfigure/web/WebMvcAutoConfiguration$WebMvcAutoConfigurationAdapter.class]]
2017-04-06 13:47:41.657  INFO 196 --- [main] s.b.c.e.t.TomcatEmbeddedServletContainer : Tomcat initialized with port(s): 9191 (http)
2017-04-06 13:47:41.671  INFO 196 --- [main] o.apache.catalina.core.StandardService   : Starting service Tomcat
2017-04-06 13:47:41.672  INFO 196 --- [main] org.apache.catalina.core.StandardEngine  : Starting Servlet Engine: Apache Tomcat/8.0.30
2017-04-06 13:47:41.802  INFO 196 --- [localhost-startStop-1] o.a.c.c.C.[Tomcat].[localhost].[/]       : Initializing Spring embedded WebApplicationContext
2017-04-06 13:47:41.803  INFO 196 --- [localhost-startStop-1] o.s.web.context.ContextLoader            : Root WebApplicationContext: initialization completed in 2473 ms
2017-04-06 13:47:42.241  INFO 196 --- [localhost-startStop-1] o.s.b.c.e.ServletRegistrationBean        : Mapping servlet: 'dispatcherServlet' to [/]
2017-04-06 13:47:42.247  INFO 196 --- [localhost-startStop-1] o.s.b.c.embedded.FilterRegistrationBean  : Mapping filter: 'metricFilter' to: [/*]
2017-04-06 13:47:42.248  INFO 196 --- [localhost-startStop-1] o.s.b.c.embedded.FilterRegistrationBean  : Mapping filter: 'characterEncodingFilter' to: [/*]
2017-04-06 13:47:42.248  INFO 196 --- [localhost-startStop-1] o.s.b.c.embedded.FilterRegistrationBean  : Mapping filter: 'hiddenHttpMethodFilter' to: [/*]
2017-04-06 13:47:42.248  INFO 196 --- [localhost-startStop-1] o.s.b.c.embedded.FilterRegistrationBean  : Mapping filter: 'httpPutFormContentFilter' to: [/*]
2017-04-06 13:47:42.248  INFO 196 --- [localhost-startStop-1] o.s.b.c.embedded.FilterRegistrationBean  : Mapping filter: 'requestContextFilter' to: [/*]
2017-04-06 13:47:42.249  INFO 196 --- [localhost-startStop-1] o.s.b.c.embedded.FilterRegistrationBean  : Mapping filter: 'webRequestLoggingFilter' to: [/*]
2017-04-06 13:47:42.249  INFO 196 --- [localhost-startStop-1] o.s.b.c.embedded.FilterRegistrationBean  : Mapping filter: 'applicationContextIdFilter' to: [/*]
2017-04-06 13:47:42.335  WARN 196 --- [main] c.n.c.sources.URLConfigurationSource     : No URLs will be polled as dynamic configuration sources.
2017-04-06 13:47:42.336  INFO 196 --- [main] c.n.c.sources.URLConfigurationSource     : To enable URLs as dynamic configuration sources, define System property archaius.configurationSource.additionalUrls or make config.properties available on classpath.
2017-04-06 13:47:42.588  INFO 196 --- [main] s.w.s.m.m.a.RequestMappingHandlerAdapter : Looking for @ControllerAdvice: org.springframework.boot.context.embedded.AnnotationConfigEmbeddedWebApplicationContext@45f45fa1: startup date [Thu Apr 06 13:47:39 IST 2017]; root of context hierarchy
2017-04-06 13:47:42.671  INFO 196 --- [main] s.w.s.m.m.a.RequestMappingHandlerMapping : Mapped "{[/uploadAudioFile],methods=[POST]}" onto public com.sonetel.entity.ResponseObject com.sonetel.controller.AudioController.uploadAudio(org.springframework.web.multipart.MultipartFile) throws java.io.IOException
2017-04-06 13:47:42.672  INFO 196 --- [main] s.w.s.m.m.a.RequestMappingHandlerMapping : Mapped "{[/downloadAudioFile/{id}],methods=[GET]}" onto public com.sonetel.entity.ResponseObject com.sonetel.controller.AudioController.uploadAudio(javax.servlet.http.HttpServletResponse,java.lang.String) throws java.io.IOException
2017-04-06 13:47:42.672  INFO 196 --- [main] s.w.s.m.m.a.RequestMappingHandlerMapping : Mapped "{[/hello],methods=[GET]}" onto public java.lang.String com.sonetel.controller.AudioController.Hello()
2017-04-06 13:47:42.673  INFO 196 --- [main] s.w.s.m.m.a.RequestMappingHandlerMapping : Mapped "{[/dir],methods=[GET]}" onto public java.util.Map<java.lang.Long, java.lang.String> com.sonetel.controller.AudioController.getDirectory()
2017-04-06 13:47:42.675  INFO 196 --- [main] s.w.s.m.m.a.RequestMappingHandlerMapping : Mapped "{[/error]}" onto public org.springframework.http.ResponseEntity<java.util.Map<java.lang.String, java.lang.Object>> org.springframework.boot.autoconfigure.web.BasicErrorController.error(javax.servlet.http.HttpServletRequest)
2017-04-06 13:47:42.675  INFO 196 --- [main] s.w.s.m.m.a.RequestMappingHandlerMapping : Mapped "{[/error],produces=[text/html]}" onto public org.springframework.web.servlet.ModelAndView org.springframework.boot.autoconfigure.web.BasicErrorController.errorHtml(javax.servlet.http.HttpServletRequest,javax.servlet.http.HttpServletResponse)
2017-04-06 13:47:42.680  INFO 196 --- [main] o.s.w.s.c.a.WebMvcConfigurerAdapter      : Adding welcome page: class path resource [static/index.html]
2017-04-06 13:47:42.694  INFO 196 --- [main] o.s.w.s.handler.SimpleUrlHandlerMapping  : Root mapping to handler of type [class org.springframework.web.servlet.mvc.ParameterizableViewController]
2017-04-06 13:47:42.705  INFO 196 --- [main] o.s.w.s.handler.SimpleUrlHandlerMapping  : Mapped URL path [/webjars/**] onto handler of type [class org.springframework.web.servlet.resource.ResourceHttpRequestHandler]
2017-04-06 13:47:42.706  INFO 196 --- [main] o.s.w.s.handler.SimpleUrlHandlerMapping  : Mapped URL path [/**] onto handler of type [class org.springframework.web.servlet.resource.ResourceHttpRequestHandler]
2017-04-06 13:47:42.730  INFO 196 --- [main] .m.m.a.ExceptionHandlerExceptionResolver : Detected @ExceptionHandler methods in globalExceptionHandler
2017-04-06 13:47:42.757  INFO 196 --- [main] o.s.w.s.handler.SimpleUrlHandlerMapping  : Mapped URL path [/**/favicon.ico] onto handler of type [class org.springframework.web.servlet.resource.ResourceHttpRequestHandler]
2017-04-06 13:47:43.097  INFO 196 --- [main] o.s.b.a.e.mvc.EndpointHandlerMapping     : Mapped "{[/health || /health.json],produces=[application/json]}" onto public java.lang.Object org.springframework.boot.actuate.endpoint.mvc.HealthMvcEndpoint.invoke(java.security.Principal)
2017-04-06 13:47:43.098  INFO 196 --- [main] o.s.b.a.e.mvc.EndpointHandlerMapping     : Mapped "{[/trace || /trace.json],methods=[GET],produces=[application/json]}" onto public java.lang.Object org.springframework.boot.actuate.endpoint.mvc.EndpointMvcAdapter.invoke()
2017-04-06 13:47:43.099  INFO 196 --- [main] o.s.b.a.e.mvc.EndpointHandlerMapping     : Mapped "{[/env/{name:.*}],methods=[GET],produces=[application/json]}" onto public java.lang.Object org.springframework.boot.actuate.endpoint.mvc.EnvironmentMvcEndpoint.value(java.lang.String)
2017-04-06 13:47:43.099  INFO 196 --- [main] o.s.b.a.e.mvc.EndpointHandlerMapping     : Mapped "{[/env || /env.json],methods=[GET],produces=[application/json]}" onto public java.lang.Object org.springframework.boot.actuate.endpoint.mvc.EndpointMvcAdapter.invoke()
2017-04-06 13:47:43.102  INFO 196 --- [main] o.s.b.a.e.mvc.EndpointHandlerMapping     : Mapped "{[/mappings || /mappings.json],methods=[GET],produces=[application/json]}" onto public java.lang.Object org.springframework.boot.actuate.endpoint.mvc.EndpointMvcAdapter.invoke()
2017-04-06 13:47:43.103  INFO 196 --- [main] o.s.b.a.e.mvc.EndpointHandlerMapping     : Mapped "{[/configprops || /configprops.json],methods=[GET],produces=[application/json]}" onto public java.lang.Object org.springframework.boot.actuate.endpoint.mvc.EndpointMvcAdapter.invoke()
2017-04-06 13:47:43.103  INFO 196 --- [main] o.s.b.a.e.mvc.EndpointHandlerMapping     : Mapped "{[/autoconfig || /autoconfig.json],methods=[GET],produces=[application/json]}" onto public java.lang.Object org.springframework.boot.actuate.endpoint.mvc.EndpointMvcAdapter.invoke()
2017-04-06 13:47:43.104  INFO 196 --- [main] o.s.b.a.e.mvc.EndpointHandlerMapping     : Mapped "{[/info || /info.json],methods=[GET],produces=[application/json]}" onto public java.lang.Object org.springframework.boot.actuate.endpoint.mvc.EndpointMvcAdapter.invoke()
2017-04-06 13:47:43.105  INFO 196 --- [main] o.s.b.a.e.mvc.EndpointHandlerMapping     : Mapped "{[/metrics/{name:.*}],methods=[GET],produces=[application/json]}" onto public java.lang.Object org.springframework.boot.actuate.endpoint.mvc.MetricsMvcEndpoint.value(java.lang.String)
2017-04-06 13:47:43.105  INFO 196 --- [main] o.s.b.a.e.mvc.EndpointHandlerMapping     : Mapped "{[/metrics || /metrics.json],methods=[GET],produces=[application/json]}" onto public java.lang.Object org.springframework.boot.actuate.endpoint.mvc.EndpointMvcAdapter.invoke()
2017-04-06 13:47:43.106  INFO 196 --- [main] o.s.b.a.e.mvc.EndpointHandlerMapping     : Mapped "{[/beans || /beans.json],methods=[GET],produces=[application/json]}" onto public java.lang.Object org.springframework.boot.actuate.endpoint.mvc.EndpointMvcAdapter.invoke()
2017-04-06 13:47:43.107  INFO 196 --- [main] o.s.b.a.e.mvc.EndpointHandlerMapping     : Mapped "{[/logfile || /logfile.json],methods=[GET || HEAD]}" onto public void org.springframework.boot.actuate.endpoint.mvc.LogFileMvcEndpoint.invoke(javax.servlet.http.HttpServletRequest,javax.servlet.http.HttpServletResponse) throws javax.servlet.ServletException,java.io.IOException
2017-04-06 13:47:43.107  INFO 196 --- [main] o.s.b.a.e.mvc.EndpointHandlerMapping     : Mapped "{[/dump || /dump.json],methods=[GET],produces=[application/json]}" onto public java.lang.Object org.springframework.boot.actuate.endpoint.mvc.EndpointMvcAdapter.invoke()
2017-04-06 13:47:43.207  INFO 196 --- [main] o.s.j.e.a.AnnotationMBeanExporter        : Registering beans for JMX exposure on startup
2017-04-06 13:47:43.222  INFO 196 --- [main] o.s.c.support.DefaultLifecycleProcessor  : Starting beans in phase 0
2017-04-06 13:47:43.381  INFO 196 --- [main] s.b.c.e.t.TomcatEmbeddedServletContainer : Tomcat started on port(s): 9191 (http)
2017-04-06 13:47:43.387  INFO 196 --- [main] com.sonetel.Application                  : Started Application in 4.479 seconds (JVM running for 5.138)
2017-04-06 13:48:11.061  INFO 196 --- [http-nio-9191-exec-1] o.a.c.c.C.[Tomcat].[localhost].[/]       : Initializing Spring FrameworkServlet 'dispatcherServlet'
2017-04-06 13:48:11.061  INFO 196 --- [http-nio-9191-exec-1] o.s.web.servlet.DispatcherServlet        : FrameworkServlet 'dispatcherServlet': initialization started
2017-04-06 13:48:11.074  INFO 196 --- [http-nio-9191-exec-1] o.s.web.servlet.DispatcherServlet        : FrameworkServlet 'dispatcherServlet': initialization completed in 13 ms
2017-04-06 14:39:36.399  INFO 196 --- [http-nio-9191-exec-4] com.sonetel.controller.AudioController   : uploadAudioFile Request
2017-04-06 14:39:36.399  INFO 196 --- [http-nio-9191-exec-4] com.sonetel.service.AudioServiceImpl     : File Content Type:audio/mpeg
2017-04-06 14:39:36.402  INFO 196 --- [http-nio-9191-exec-4] com.sonetel.service.AudioServiceImpl     : C:\Users\antariksh.singh\AppData\Local\Temp\tomcat.2336398183722849870.9191\uploads\1491469776399
2017-04-06 14:42:25.149  INFO 196 --- [http-nio-9191-exec-5] com.sonetel.controller.AudioController   : uploadAudioFile Request
2017-04-06 14:42:25.149  INFO 196 --- [http-nio-9191-exec-5] com.sonetel.service.AudioServiceImpl     : File Content Type:audio/mp3
2017-04-06 14:42:25.151  INFO 196 --- [http-nio-9191-exec-5] com.sonetel.service.AudioServiceImpl     : C:\Users\antariksh.singh\AppData\Local\Temp\tomcat.2336398183722849870.9191\uploads\1491469945149
2017-04-06 14:43:58.594  INFO 196 --- [http-nio-9191-exec-8] com.sonetel.controller.AudioController   : Download Request for: 1491469776399
2017-04-06 14:43:58.595  INFO 196 --- [http-nio-9191-exec-8] com.sonetel.service.AudioServiceImpl     : Request id 1491469776399, filename Shape Of You (Marimba Remix) FREE MP3 download available!.mp3
2017-04-06 14:43:58.595  INFO 196 --- [http-nio-9191-exec-8] com.sonetel.service.AudioServiceImpl     : File path for download: C:\Users\antariksh.singh\AppData\Local\Temp\tomcat.2336398183722849870.9191\uploads\1491469776399
2017-04-06 15:17:43.304  INFO 196 --- [RMI TCP Connection(2)-192.168.204.1] inMXBeanRegistrar$SpringApplicationAdmin : Application shutdown requested.
2017-04-06 15:17:43.305  INFO 196 --- [RMI TCP Connection(2)-192.168.204.1] ationConfigEmbeddedWebApplicationContext : Closing org.springframework.boot.context.embedded.AnnotationConfigEmbeddedWebApplicationContext@45f45fa1: startup date [Thu Apr 06 13:47:39 IST 2017]; root of context hierarchy
2017-04-06 15:17:43.306  INFO 196 --- [RMI TCP Connection(2)-192.168.204.1] o.s.c.support.DefaultLifecycleProcessor  : Stopping beans in phase 0
2017-04-06 15:17:43.309  INFO 196 --- [RMI TCP Connection(2)-192.168.204.1] o.s.j.e.a.AnnotationMBeanExporter        : Unregistering JMX-exposed beans on shutdown
2017-04-06 18:42:33.096  INFO 7048 --- [main] com.audioRepo.Application                : Starting Application on SSLT0055 with PID 7048 (C:\Users\antariksh.singh\workspace\sonetel-project-audio\target\classes started by antariksh.singh in C:\Users\antariksh.singh\workspace\sonetel-project-audio)
2017-04-06 18:42:33.100  INFO 7048 --- [main] com.audioRepo.Application                : No active profile set, falling back to default profiles: default
2017-04-06 18:42:33.160  INFO 7048 --- [main] ationConfigEmbeddedWebApplicationContext : Refreshing org.springframework.boot.context.embedded.AnnotationConfigEmbeddedWebApplicationContext@c8e4bb0: startup date [Thu Apr 06 18:42:33 IST 2017]; root of context hierarchy
2017-04-06 18:42:34.206  INFO 7048 --- [main] o.s.b.f.s.DefaultListableBeanFactory     : Overriding bean definition for bean 'beanNameViewResolver' with a different definition: replacing [Root bean: class [null]; scope=; abstract=false; lazyInit=false; autowireMode=3; dependencyCheck=0; autowireCandidate=true; primary=false; factoryBeanName=org.springframework.boot.autoconfigure.web.ErrorMvcAutoConfiguration$WhitelabelErrorViewConfiguration; factoryMethodName=beanNameViewResolver; initMethodName=null; destroyMethodName=(inferred); defined in class path resource [org/springframework/boot/autoconfigure/web/ErrorMvcAutoConfiguration$WhitelabelErrorViewConfiguration.class]] with [Root bean: class [null]; scope=; abstract=false; lazyInit=false; autowireMode=3; dependencyCheck=0; autowireCandidate=true; primary=false; factoryBeanName=org.springframework.boot.autoconfigure.web.WebMvcAutoConfiguration$WebMvcAutoConfigurationAdapter; factoryMethodName=beanNameViewResolver; initMethodName=null; destroyMethodName=(inferred); defined in class path resource [org/springframework/boot/autoconfigure/web/WebMvcAutoConfiguration$WebMvcAutoConfigurationAdapter.class]]
2017-04-06 18:42:35.181  INFO 7048 --- [main] s.b.c.e.t.TomcatEmbeddedServletContainer : Tomcat initialized with port(s): 9191 (http)
2017-04-06 18:42:35.196  INFO 7048 --- [main] o.apache.catalina.core.StandardService   : Starting service Tomcat
2017-04-06 18:42:35.198  INFO 7048 --- [main] org.apache.catalina.core.StandardEngine  : Starting Servlet Engine: Apache Tomcat/8.0.30
2017-04-06 18:42:35.305  INFO 7048 --- [localhost-startStop-1] o.a.c.c.C.[Tomcat].[localhost].[/]       : Initializing Spring embedded WebApplicationContext
2017-04-06 18:42:35.306  INFO 7048 --- [localhost-startStop-1] o.s.web.context.ContextLoader            : Root WebApplicationContext: initialization completed in 2149 ms
2017-04-06 18:42:35.745  INFO 7048 --- [localhost-startStop-1] o.s.b.c.e.ServletRegistrationBean        : Mapping servlet: 'dispatcherServlet' to [/]
2017-04-06 18:42:35.748  INFO 7048 --- [localhost-startStop-1] o.s.b.c.embedded.FilterRegistrationBean  : Mapping filter: 'metricFilter' to: [/*]
2017-04-06 18:42:35.749  INFO 7048 --- [localhost-startStop-1] o.s.b.c.embedded.FilterRegistrationBean  : Mapping filter: 'characterEncodingFilter' to: [/*]
2017-04-06 18:42:35.749  INFO 7048 --- [localhost-startStop-1] o.s.b.c.embedded.FilterRegistrationBean  : Mapping filter: 'hiddenHttpMethodFilter' to: [/*]
2017-04-06 18:42:35.749  INFO 7048 --- [localhost-startStop-1] o.s.b.c.embedded.FilterRegistrationBean  : Mapping filter: 'httpPutFormContentFilter' to: [/*]
2017-04-06 18:42:35.749  INFO 7048 --- [localhost-startStop-1] o.s.b.c.embedded.FilterRegistrationBean  : Mapping filter: 'requestContextFilter' to: [/*]
2017-04-06 18:42:35.751  INFO 7048 --- [localhost-startStop-1] o.s.b.c.embedded.FilterRegistrationBean  : Mapping filter: 'webRequestLoggingFilter' to: [/*]
2017-04-06 18:42:35.752  INFO 7048 --- [localhost-startStop-1] o.s.b.c.embedded.FilterRegistrationBean  : Mapping filter: 'applicationContextIdFilter' to: [/*]
2017-04-06 18:42:35.841  WARN 7048 --- [main] c.n.c.sources.URLConfigurationSource     : No URLs will be polled as dynamic configuration sources.
2017-04-06 18:42:35.842  INFO 7048 --- [main] c.n.c.sources.URLConfigurationSource     : To enable URLs as dynamic configuration sources, define System property archaius.configurationSource.additionalUrls or make config.properties available on classpath.
2017-04-06 18:42:36.130  INFO 7048 --- [main] s.w.s.m.m.a.RequestMappingHandlerAdapter : Looking for @ControllerAdvice: org.springframework.boot.context.embedded.AnnotationConfigEmbeddedWebApplicationContext@c8e4bb0: startup date [Thu Apr 06 18:42:33 IST 2017]; root of context hierarchy
2017-04-06 18:42:36.242  INFO 7048 --- [main] s.w.s.m.m.a.RequestMappingHandlerMapping : Mapped "{[/uploadAudioFile],methods=[POST]}" onto public com.audioRepo.entity.ResponseObject com.audioRepo.controller.AudioController.uploadAudio(org.springframework.web.multipart.MultipartFile) throws java.io.IOException
2017-04-06 18:42:36.243  INFO 7048 --- [main] s.w.s.m.m.a.RequestMappingHandlerMapping : Mapped "{[/downloadAudioFile/{id}],methods=[GET]}" onto public com.audioRepo.entity.ResponseObject com.audioRepo.controller.AudioController.uploadAudio(javax.servlet.http.HttpServletResponse,java.lang.String) throws java.io.IOException
2017-04-06 18:42:36.243  INFO 7048 --- [main] s.w.s.m.m.a.RequestMappingHandlerMapping : Mapped "{[/dir],methods=[GET]}" onto public java.util.Map<java.lang.Long, java.lang.String> com.audioRepo.controller.AudioController.getDirectory()
2017-04-06 18:42:36.243  INFO 7048 --- [main] s.w.s.m.m.a.RequestMappingHandlerMapping : Mapped "{[/hello],methods=[GET]}" onto public java.lang.String com.audioRepo.controller.AudioController.Hello()
2017-04-06 18:42:36.245  INFO 7048 --- [main] s.w.s.m.m.a.RequestMappingHandlerMapping : Mapped "{[/error]}" onto public org.springframework.http.ResponseEntity<java.util.Map<java.lang.String, java.lang.Object>> org.springframework.boot.autoconfigure.web.BasicErrorController.error(javax.servlet.http.HttpServletRequest)
2017-04-06 18:42:36.246  INFO 7048 --- [main] s.w.s.m.m.a.RequestMappingHandlerMapping : Mapped "{[/error],produces=[text/html]}" onto public org.springframework.web.servlet.ModelAndView org.springframework.boot.autoconfigure.web.BasicErrorController.errorHtml(javax.servlet.http.HttpServletRequest,javax.servlet.http.HttpServletResponse)
2017-04-06 18:42:36.253  INFO 7048 --- [main] o.s.w.s.c.a.WebMvcConfigurerAdapter      : Adding welcome page: class path resource [static/index.html]
2017-04-06 18:42:36.267  INFO 7048 --- [main] o.s.w.s.handler.SimpleUrlHandlerMapping  : Root mapping to handler of type [class org.springframework.web.servlet.mvc.ParameterizableViewController]
2017-04-06 18:42:36.281  INFO 7048 --- [main] o.s.w.s.handler.SimpleUrlHandlerMapping  : Mapped URL path [/webjars/**] onto handler of type [class org.springframework.web.servlet.resource.ResourceHttpRequestHandler]
2017-04-06 18:42:36.281  INFO 7048 --- [main] o.s.w.s.handler.SimpleUrlHandlerMapping  : Mapped URL path [/**] onto handler of type [class org.springframework.web.servlet.resource.ResourceHttpRequestHandler]
2017-04-06 18:42:36.304  INFO 7048 --- [main] .m.m.a.ExceptionHandlerExceptionResolver : Detected @ExceptionHandler methods in globalExceptionHandler
2017-04-06 18:42:36.330  INFO 7048 --- [main] o.s.w.s.handler.SimpleUrlHandlerMapping  : Mapped URL path [/**/favicon.ico] onto handler of type [class org.springframework.web.servlet.resource.ResourceHttpRequestHandler]
2017-04-06 18:42:36.706  INFO 7048 --- [main] o.s.b.a.e.mvc.EndpointHandlerMapping     : Mapped "{[/env/{name:.*}],methods=[GET],produces=[application/json]}" onto public java.lang.Object org.springframework.boot.actuate.endpoint.mvc.EnvironmentMvcEndpoint.value(java.lang.String)
2017-04-06 18:42:36.707  INFO 7048 --- [main] o.s.b.a.e.mvc.EndpointHandlerMapping     : Mapped "{[/env || /env.json],methods=[GET],produces=[application/json]}" onto public java.lang.Object org.springframework.boot.actuate.endpoint.mvc.EndpointMvcAdapter.invoke()
2017-04-06 18:42:36.708  INFO 7048 --- [main] o.s.b.a.e.mvc.EndpointHandlerMapping     : Mapped "{[/logfile || /logfile.json],methods=[GET || HEAD]}" onto public void org.springframework.boot.actuate.endpoint.mvc.LogFileMvcEndpoint.invoke(javax.servlet.http.HttpServletRequest,javax.servlet.http.HttpServletResponse) throws javax.servlet.ServletException,java.io.IOException
2017-04-06 18:42:36.708  INFO 7048 --- [main] o.s.b.a.e.mvc.EndpointHandlerMapping     : Mapped "{[/mappings || /mappings.json],methods=[GET],produces=[application/json]}" onto public java.lang.Object org.springframework.boot.actuate.endpoint.mvc.EndpointMvcAdapter.invoke()
2017-04-06 18:42:36.711  INFO 7048 --- [main] o.s.b.a.e.mvc.EndpointHandlerMapping     : Mapped "{[/metrics/{name:.*}],methods=[GET],produces=[application/json]}" onto public java.lang.Object org.springframework.boot.actuate.endpoint.mvc.MetricsMvcEndpoint.value(java.lang.String)
2017-04-06 18:42:36.712  INFO 7048 --- [main] o.s.b.a.e.mvc.EndpointHandlerMapping     : Mapped "{[/metrics || /metrics.json],methods=[GET],produces=[application/json]}" onto public java.lang.Object org.springframework.boot.actuate.endpoint.mvc.EndpointMvcAdapter.invoke()
2017-04-06 18:42:36.713  INFO 7048 --- [main] o.s.b.a.e.mvc.EndpointHandlerMapping     : Mapped "{[/beans || /beans.json],methods=[GET],produces=[application/json]}" onto public java.lang.Object org.springframework.boot.actuate.endpoint.mvc.EndpointMvcAdapter.invoke()
2017-04-06 18:42:36.713  INFO 7048 --- [main] o.s.b.a.e.mvc.EndpointHandlerMapping     : Mapped "{[/info || /info.json],methods=[GET],produces=[application/json]}" onto public java.lang.Object org.springframework.boot.actuate.endpoint.mvc.EndpointMvcAdapter.invoke()
2017-04-06 18:42:36.717  INFO 7048 --- [main] o.s.b.a.e.mvc.EndpointHandlerMapping     : Mapped "{[/autoconfig || /autoconfig.json],methods=[GET],produces=[application/json]}" onto public java.lang.Object org.springframework.boot.actuate.endpoint.mvc.EndpointMvcAdapter.invoke()
2017-04-06 18:42:36.717  INFO 7048 --- [main] o.s.b.a.e.mvc.EndpointHandlerMapping     : Mapped "{[/trace || /trace.json],methods=[GET],produces=[application/json]}" onto public java.lang.Object org.springframework.boot.actuate.endpoint.mvc.EndpointMvcAdapter.invoke()
2017-04-06 18:42:36.719  INFO 7048 --- [main] o.s.b.a.e.mvc.EndpointHandlerMapping     : Mapped "{[/configprops || /configprops.json],methods=[GET],produces=[application/json]}" onto public java.lang.Object org.springframework.boot.actuate.endpoint.mvc.EndpointMvcAdapter.invoke()
2017-04-06 18:42:36.720  INFO 7048 --- [main] o.s.b.a.e.mvc.EndpointHandlerMapping     : Mapped "{[/health || /health.json],produces=[application/json]}" onto public java.lang.Object org.springframework.boot.actuate.endpoint.mvc.HealthMvcEndpoint.invoke(java.security.Principal)
2017-04-06 18:42:36.720  INFO 7048 --- [main] o.s.b.a.e.mvc.EndpointHandlerMapping     : Mapped "{[/dump || /dump.json],methods=[GET],produces=[application/json]}" onto public java.lang.Object org.springframework.boot.actuate.endpoint.mvc.EndpointMvcAdapter.invoke()
2017-04-06 18:42:36.832  INFO 7048 --- [main] o.s.j.e.a.AnnotationMBeanExporter        : Registering beans for JMX exposure on startup
2017-04-06 18:42:36.842  INFO 7048 --- [main] o.s.c.support.DefaultLifecycleProcessor  : Starting beans in phase 0
2017-04-06 18:42:37.026  INFO 7048 --- [main] s.b.c.e.t.TomcatEmbeddedServletContainer : Tomcat started on port(s): 9191 (http)
2017-04-06 18:42:37.033  INFO 7048 --- [main] com.audioRepo.Application                : Started Application in 4.268 seconds (JVM running for 4.982)
2017-04-06 18:43:18.873  INFO 7048 --- [http-nio-9191-exec-1] o.a.c.c.C.[Tomcat].[localhost].[/]       : Initializing Spring FrameworkServlet 'dispatcherServlet'
2017-04-06 18:43:18.873  INFO 7048 --- [http-nio-9191-exec-1] o.s.web.servlet.DispatcherServlet        : FrameworkServlet 'dispatcherServlet': initialization started
2017-04-06 18:43:18.891  INFO 7048 --- [http-nio-9191-exec-1] o.s.web.servlet.DispatcherServlet        : FrameworkServlet 'dispatcherServlet': initialization completed in 18 ms
2017-04-06 19:00:04.204  INFO 7048 --- [RMI TCP Connection(2)-192.168.204.1] inMXBeanRegistrar$SpringApplicationAdmin : Application shutdown requested.
2017-04-06 19:00:04.205  INFO 7048 --- [RMI TCP Connection(2)-192.168.204.1] ationConfigEmbeddedWebApplicationContext : Closing org.springframework.boot.context.embedded.AnnotationConfigEmbeddedWebApplicationContext@c8e4bb0: startup date [Thu Apr 06 18:42:33 IST 2017]; root of context hierarchy
2017-04-06 19:00:04.207  INFO 7048 --- [RMI TCP Connection(2)-192.168.204.1] o.s.c.support.DefaultLifecycleProcessor  : Stopping beans in phase 0
2017-04-06 19:00:04.211  INFO 7048 --- [RMI TCP Connection(2)-192.168.204.1] o.s.j.e.a.AnnotationMBeanExporter        : Unregistering JMX-exposed beans on shutdown
2017-04-06 19:02:29.525  INFO 7584 --- [main] com.audioRepo.Application                : Starting Application on SSLT0055 with PID 7584 (C:\Users\antariksh.singh\workspace\sonetel-project-audio\target\classes started by antariksh.singh in C:\Users\antariksh.singh\workspace\sonetel-project-audio)
2017-04-06 19:02:29.528  INFO 7584 --- [main] com.audioRepo.Application                : No active profile set, falling back to default profiles: default
2017-04-06 19:02:29.614  INFO 7584 --- [main] ationConfigEmbeddedWebApplicationContext : Refreshing org.springframework.boot.context.embedded.AnnotationConfigEmbeddedWebApplicationContext@4206a205: startup date [Thu Apr 06 19:02:29 IST 2017]; root of context hierarchy
2017-04-06 19:02:30.514  INFO 7584 --- [main] o.s.b.f.s.DefaultListableBeanFactory     : Overriding bean definition for bean 'beanNameViewResolver' with a different definition: replacing [Root bean: class [null]; scope=; abstract=false; lazyInit=false; autowireMode=3; dependencyCheck=0; autowireCandidate=true; primary=false; factoryBeanName=org.springframework.boot.autoconfigure.web.ErrorMvcAutoConfiguration$WhitelabelErrorViewConfiguration; factoryMethodName=beanNameViewResolver; initMethodName=null; destroyMethodName=(inferred); defined in class path resource [org/springframework/boot/autoconfigure/web/ErrorMvcAutoConfiguration$WhitelabelErrorViewConfiguration.class]] with [Root bean: class [null]; scope=; abstract=false; lazyInit=false; autowireMode=3; dependencyCheck=0; autowireCandidate=true; primary=false; factoryBeanName=org.springframework.boot.autoconfigure.web.WebMvcAutoConfiguration$WebMvcAutoConfigurationAdapter; factoryMethodName=beanNameViewResolver; initMethodName=null; destroyMethodName=(inferred); defined in class path resource [org/springframework/boot/autoconfigure/web/WebMvcAutoConfiguration$WebMvcAutoConfigurationAdapter.class]]
2017-04-06 19:02:31.374  INFO 7584 --- [main] s.b.c.e.t.TomcatEmbeddedServletContainer : Tomcat initialized with port(s): 9191 (http)
2017-04-06 19:02:31.388  INFO 7584 --- [main] o.apache.catalina.core.StandardService   : Starting service Tomcat
2017-04-06 19:02:31.389  INFO 7584 --- [main] org.apache.catalina.core.StandardEngine  : Starting Servlet Engine: Apache Tomcat/8.0.30
2017-04-06 19:02:31.488  INFO 7584 --- [localhost-startStop-1] o.a.c.c.C.[Tomcat].[localhost].[/]       : Initializing Spring embedded WebApplicationContext
2017-04-06 19:02:31.489  INFO 7584 --- [localhost-startStop-1] o.s.web.context.ContextLoader            : Root WebApplicationContext: initialization completed in 1880 ms
2017-04-06 19:02:31.909  INFO 7584 --- [localhost-startStop-1] o.s.b.c.e.ServletRegistrationBean        : Mapping servlet: 'dispatcherServlet' to [/]
2017-04-06 19:02:31.913  INFO 7584 --- [localhost-startStop-1] o.s.b.c.embedded.FilterRegistrationBean  : Mapping filter: 'metricFilter' to: [/*]
2017-04-06 19:02:31.914  INFO 7584 --- [localhost-startStop-1] o.s.b.c.embedded.FilterRegistrationBean  : Mapping filter: 'characterEncodingFilter' to: [/*]
2017-04-06 19:02:31.914  INFO 7584 --- [localhost-startStop-1] o.s.b.c.embedded.FilterRegistrationBean  : Mapping filter: 'hiddenHttpMethodFilter' to: [/*]
2017-04-06 19:02:31.914  INFO 7584 --- [localhost-startStop-1] o.s.b.c.embedded.FilterRegistrationBean  : Mapping filter: 'httpPutFormContentFilter' to: [/*]
2017-04-06 19:02:31.914  INFO 7584 --- [localhost-startStop-1] o.s.b.c.embedded.FilterRegistrationBean  : Mapping filter: 'requestContextFilter' to: [/*]
2017-04-06 19:02:31.914  INFO 7584 --- [localhost-startStop-1] o.s.b.c.embedded.FilterRegistrationBean  : Mapping filter: 'webRequestLoggingFilter' to: [/*]
2017-04-06 19:02:31.915  INFO 7584 --- [localhost-startStop-1] o.s.b.c.embedded.FilterRegistrationBean  : Mapping filter: 'applicationContextIdFilter' to: [/*]
2017-04-06 19:02:32.004  WARN 7584 --- [main] c.n.c.sources.URLConfigurationSource     : No URLs will be polled as dynamic configuration sources.
2017-04-06 19:02:32.004  INFO 7584 --- [main] c.n.c.sources.URLConfigurationSource     : To enable URLs as dynamic configuration sources, define System property archaius.configurationSource.additionalUrls or make config.properties available on classpath.
2017-04-06 19:02:32.315  INFO 7584 --- [main] s.w.s.m.m.a.RequestMappingHandlerAdapter : Looking for @ControllerAdvice: org.springframework.boot.context.embedded.AnnotationConfigEmbeddedWebApplicationContext@4206a205: startup date [Thu Apr 06 19:02:29 IST 2017]; root of context hierarchy
2017-04-06 19:02:32.399  INFO 7584 --- [main] s.w.s.m.m.a.RequestMappingHandlerMapping : Mapped "{[/uploadAudioFile],methods=[POST]}" onto public com.audioRepo.entity.ResponseObject com.audioRepo.controller.AudioController.uploadAudio(org.springframework.web.multipart.MultipartFile) throws java.io.IOException
2017-04-06 19:02:32.400  INFO 7584 --- [main] s.w.s.m.m.a.RequestMappingHandlerMapping : Mapped "{[/downloadAudioFile/{id}],methods=[GET]}" onto public com.audioRepo.entity.ResponseObject com.audioRepo.controller.AudioController.uploadAudio(javax.servlet.http.HttpServletResponse,java.lang.String) throws java.io.IOException
2017-04-06 19:02:32.401  INFO 7584 --- [main] s.w.s.m.m.a.RequestMappingHandlerMapping : Mapped "{[/dir],methods=[GET]}" onto public java.util.Map<java.lang.Long, java.lang.String> com.audioRepo.controller.AudioController.getDirectory()
2017-04-06 19:02:32.401  INFO 7584 --- [main] s.w.s.m.m.a.RequestMappingHandlerMapping : Mapped "{[/hello],methods=[GET]}" onto public java.lang.String com.audioRepo.controller.AudioController.Hello()
2017-04-06 19:02:32.403  INFO 7584 --- [main] s.w.s.m.m.a.RequestMappingHandlerMapping : Mapped "{[/error]}" onto public org.springframework.http.ResponseEntity<java.util.Map<java.lang.String, java.lang.Object>> org.springframework.boot.autoconfigure.web.BasicErrorController.error(javax.servlet.http.HttpServletRequest)
2017-04-06 19:02:32.404  INFO 7584 --- [main] s.w.s.m.m.a.RequestMappingHandlerMapping : Mapped "{[/error],produces=[text/html]}" onto public org.springframework.web.servlet.ModelAndView org.springframework.boot.autoconfigure.web.BasicErrorController.errorHtml(javax.servlet.http.HttpServletRequest,javax.servlet.http.HttpServletResponse)
2017-04-06 19:02:32.410  INFO 7584 --- [main] o.s.w.s.c.a.WebMvcConfigurerAdapter      : Adding welcome page: class path resource [static/index.html]
2017-04-06 19:02:32.428  INFO 7584 --- [main] o.s.w.s.handler.SimpleUrlHandlerMapping  : Root mapping to handler of type [class org.springframework.web.servlet.mvc.ParameterizableViewController]
2017-04-06 19:02:32.441  INFO 7584 --- [main] o.s.w.s.handler.SimpleUrlHandlerMapping  : Mapped URL path [/webjars/**] onto handler of type [class org.springframework.web.servlet.resource.ResourceHttpRequestHandler]
2017-04-06 19:02:32.442  INFO 7584 --- [main] o.s.w.s.handler.SimpleUrlHandlerMapping  : Mapped URL path [/**] onto handler of type [class org.springframework.web.servlet.resource.ResourceHttpRequestHandler]
2017-04-06 19:02:32.465  INFO 7584 --- [main] .m.m.a.ExceptionHandlerExceptionResolver : Detected @ExceptionHandler methods in globalExceptionHandler
2017-04-06 19:02:32.489  INFO 7584 --- [main] o.s.w.s.handler.SimpleUrlHandlerMapping  : Mapped URL path [/**/favicon.ico] onto handler of type [class org.springframework.web.servlet.resource.ResourceHttpRequestHandler]
2017-04-06 19:02:32.887  INFO 7584 --- [main] o.s.b.a.e.mvc.EndpointHandlerMapping     : Mapped "{[/beans || /beans.json],methods=[GET],produces=[application/json]}" onto public java.lang.Object org.springframework.boot.actuate.endpoint.mvc.EndpointMvcAdapter.invoke()
2017-04-06 19:02:32.888  INFO 7584 --- [main] o.s.b.a.e.mvc.EndpointHandlerMapping     : Mapped "{[/autoconfig || /autoconfig.json],methods=[GET],produces=[application/json]}" onto public java.lang.Object org.springframework.boot.actuate.endpoint.mvc.EndpointMvcAdapter.invoke()
2017-04-06 19:02:32.889  INFO 7584 --- [main] o.s.b.a.e.mvc.EndpointHandlerMapping     : Mapped "{[/info || /info.json],methods=[GET],produces=[application/json]}" onto public java.lang.Object org.springframework.boot.actuate.endpoint.mvc.EndpointMvcAdapter.invoke()
2017-04-06 19:02:32.892  INFO 7584 --- [main] o.s.b.a.e.mvc.EndpointHandlerMapping     : Mapped "{[/metrics/{name:.*}],methods=[GET],produces=[application/json]}" onto public java.lang.Object org.springframework.boot.actuate.endpoint.mvc.MetricsMvcEndpoint.value(java.lang.String)
2017-04-06 19:02:32.893  INFO 7584 --- [main] o.s.b.a.e.mvc.EndpointHandlerMapping     : Mapped "{[/metrics || /metrics.json],methods=[GET],produces=[application/json]}" onto public java.lang.Object org.springframework.boot.actuate.endpoint.mvc.EndpointMvcAdapter.invoke()
2017-04-06 19:02:32.894  INFO 7584 --- [main] o.s.b.a.e.mvc.EndpointHandlerMapping     : Mapped "{[/dump || /dump.json],methods=[GET],produces=[application/json]}" onto public java.lang.Object org.springframework.boot.actuate.endpoint.mvc.EndpointMvcAdapter.invoke()
2017-04-06 19:02:32.895  INFO 7584 --- [main] o.s.b.a.e.mvc.EndpointHandlerMapping     : Mapped "{[/mappings || /mappings.json],methods=[GET],produces=[application/json]}" onto public java.lang.Object org.springframework.boot.actuate.endpoint.mvc.EndpointMvcAdapter.invoke()
2017-04-06 19:02:32.896  INFO 7584 --- [main] o.s.b.a.e.mvc.EndpointHandlerMapping     : Mapped "{[/env/{name:.*}],methods=[GET],produces=[application/json]}" onto public java.lang.Object org.springframework.boot.actuate.endpoint.mvc.EnvironmentMvcEndpoint.value(java.lang.String)
2017-04-06 19:02:32.897  INFO 7584 --- [main] o.s.b.a.e.mvc.EndpointHandlerMapping     : Mapped "{[/env || /env.json],methods=[GET],produces=[application/json]}" onto public java.lang.Object org.springframework.boot.actuate.endpoint.mvc.EndpointMvcAdapter.invoke()
2017-04-06 19:02:32.897  INFO 7584 --- [main] o.s.b.a.e.mvc.EndpointHandlerMapping     : Mapped "{[/health || /health.json],produces=[application/json]}" onto public java.lang.Object org.springframework.boot.actuate.endpoint.mvc.HealthMvcEndpoint.invoke(java.security.Principal)
2017-04-06 19:02:32.898  INFO 7584 --- [main] o.s.b.a.e.mvc.EndpointHandlerMapping     : Mapped "{[/logfile || /logfile.json],methods=[GET || HEAD]}" onto public void org.springframework.boot.actuate.endpoint.mvc.LogFileMvcEndpoint.invoke(javax.servlet.http.HttpServletRequest,javax.servlet.http.HttpServletResponse) throws javax.servlet.ServletException,java.io.IOException
2017-04-06 19:02:32.899  INFO 7584 --- [main] o.s.b.a.e.mvc.EndpointHandlerMapping     : Mapped "{[/trace || /trace.json],methods=[GET],produces=[application/json]}" onto public java.lang.Object org.springframework.boot.actuate.endpoint.mvc.EndpointMvcAdapter.invoke()
2017-04-06 19:02:32.900  INFO 7584 --- [main] o.s.b.a.e.mvc.EndpointHandlerMapping     : Mapped "{[/configprops || /configprops.json],methods=[GET],produces=[application/json]}" onto public java.lang.Object org.springframework.boot.actuate.endpoint.mvc.EndpointMvcAdapter.invoke()
2017-04-06 19:02:33.000  INFO 7584 --- [main] o.s.j.e.a.AnnotationMBeanExporter        : Registering beans for JMX exposure on startup
2017-04-06 19:02:33.012  INFO 7584 --- [main] o.s.c.support.DefaultLifecycleProcessor  : Starting beans in phase 0
2017-04-06 19:02:33.201  INFO 7584 --- [main] s.b.c.e.t.TomcatEmbeddedServletContainer : Tomcat started on port(s): 9191 (http)
2017-04-06 19:02:33.206  INFO 7584 --- [main] com.audioRepo.Application                : Started Application in 4.018 seconds (JVM running for 4.857)
2017-04-06 19:15:55.991  INFO 7584 --- [http-nio-9191-exec-1] o.a.c.c.C.[Tomcat].[localhost].[/]       : Initializing Spring FrameworkServlet 'dispatcherServlet'
2017-04-06 19:15:55.991  INFO 7584 --- [http-nio-9191-exec-1] o.s.web.servlet.DispatcherServlet        : FrameworkServlet 'dispatcherServlet': initialization started
2017-04-06 19:15:56.014  INFO 7584 --- [http-nio-9191-exec-1] o.s.web.servlet.DispatcherServlet        : FrameworkServlet 'dispatcherServlet': initialization completed in 23 ms
2017-04-06 19:28:56.158  INFO 7584 --- [RMI TCP Connection(2)-192.168.204.1] inMXBeanRegistrar$SpringApplicationAdmin : Application shutdown requested.
2017-04-06 19:28:56.158  INFO 7584 --- [RMI TCP Connection(2)-192.168.204.1] ationConfigEmbeddedWebApplicationContext : Closing org.springframework.boot.context.embedded.AnnotationConfigEmbeddedWebApplicationContext@4206a205: startup date [Thu Apr 06 19:02:29 IST 2017]; root of context hierarchy
2017-04-06 19:28:56.161  INFO 7584 --- [RMI TCP Connection(2)-192.168.204.1] o.s.c.support.DefaultLifecycleProcessor  : Stopping beans in phase 0
2017-04-06 19:28:56.164  INFO 7584 --- [RMI TCP Connection(2)-192.168.204.1] o.s.j.e.a.AnnotationMBeanExporter        : Unregistering JMX-exposed beans on shutdown
